#
# A fatal error has been detected by the Java Runtime Environment:
#
#  SIGSEGV (0xb) at pc=0x00007fff5ed696df, pid=59020, tid=0x0000000000000307
#
# JRE version: Java(TM) SE Runtime Environment (8.0_181-b13) (build 1.8.0_181-b13)
# Java VM: Java HotSpot(TM) 64-Bit Server VM (25.181-b13 mixed mode bsd-amd64 compressed oops)
# Problematic frame:
# C  [SkyLight+0x10f6df]  SLEventGetIntegerValueField+0x153
#
# Failed to write core dump. Core dumps have been disabled. To enable core dumping, try "ulimit -c unlimited" before starting Java again
#
# If you would like to submit a bug report, please visit:
#   http://bugreport.java.com/bugreport/crash.jsp
# The crash happened outside the Java Virtual Machine in native code.
# See problematic frame for where to report the bug.
#

---------------  T H R E A D  ---------------

Current thread (0x00007faafd0d9800):  JavaThread "JavaFX Application Thread" [_thread_in_native, id=775, stack(0x00007ffeee7e7000,0x00007ffeeefe7000)]

siginfo: si_signo: 11 (SIGSEGV), si_code: 0 (unknown), si_addr: 0x0000000000000000

Registers:
RAX=0x9fccf5ebdfa000fd, RBX=0x00007faafbaa0000, RCX=0x00187faafb791910, RDX=0x00000000ffffffe2
RSP=0x00007ffeeefe26a0, RBP=0x00007ffeeefe26c0, RSI=0x0000000000000009, RDI=0x00007faafb727520
R8 =0x00007fff906772c8, R9 =0xffffffffffffffff, R10=0x00007faafd96dbf0, R11=0xafee5cdc9807cb5c
R12=0x00007faafb727520, R13=0x00007faafb594c70, R14=0x00007faafd9d08b8, R15=0x00007faafbaa0030
RIP=0x00007fff5ed696df, EFLAGS=0x0000000000010287, ERR=0x0000000000000000
  TRAPNO=0x000000000000000d

Top of Stack: (sp=0x00007ffeeefe26a0)
0x00007ffeeefe26a0:   00007faafb727520 9fccf5ebdfa000fd
0x00007ffeeefe26b0:   00007faafbaa0000 00007faafd9d08b8
0x00007ffeeefe26c0:   00007faafbaa0000 000000011d5c3602
0x00007ffeeefe26d0:   000000000000000c 00007faafb73a660
0x00007ffeeefe26e0:   00007faafb73a660 0000000000000001
0x00007ffeeefe26f0:   0000000000000000 0000000000000000
0x00007ffeeefe2700:   0000000000000004 00007faafd9d08b0
0x00007ffeeefe2710:   0000000300002e88 00007faafb40bcf0
0x00007ffeeefe2720:   00007faafd9d08b0 0000000000000000
0x00007ffeeefe2730:   00007ffeeefe2750 000000011d5c562b
0x00007ffeeefe2740:   000000011d5c5600 00007fff38d19405
0x00007ffeeefe2750:   00007ffeeefe2780 00007fff38d193ab
0x00007ffeeefe2760:   00007faafb40bde0 00007faafb40bce0
0x00007ffeeefe2770:   00007faafb40bdf0 0000000000000001
0x00007ffeeefe2780:   00007ffeeefe27f0 00007fff38cfce51
0x00007ffeeefe2790:   00007ffeeefe2760 0000000000000001
0x00007ffeeefe27a0:   00007faafb40bce0 00007faafb40bdf0
0x00007ffeeefe27b0:   00007faafb40bcf0 00000001fb40bde0
0x00007ffeeefe27c0:   00007faafd940120 00007faafb40bce0
0x00007ffeeefe27d0:   0000000000000001 0000000000000b01
0x00007ffeeefe27e0:   0000000000001203 00007faafb40bde0
0x00007ffeeefe27f0:   00007ffeeefe34e0 00007fff38cfc3fa
0x00007ffeeefe2800:   00007ffeeefe2820 00007fff36e3c886
0x00007ffeeefe2810:   0000000000000b03 0000000000001603
0x00007ffeeefe2820:   00007fff908b28e0 00007fff36e3e64b
0x00007ffeeefe2830:   00007fff36e44bf1 00007fff36e3c832
0x00007ffeeefe2840:   00007ffeeefe2860 0000000000000000
0x00007ffeeefe2850:   00007faafde23490 ffffffffffffffff
0x00007ffeeefe2860:   0000000000000000 0000000000000000
0x00007ffeeefe2870:   00007faafde234a0 00007faafb40bcf0
0x00007ffeeefe2880:   00007faafb40bdf0 0000000000000000
0x00007ffeeefe2890:   0000000000000000 0000000100000b03 

Instructions: (pc=0x00007fff5ed696df)
0x00007fff5ed696bf:   b7 41 64 e9 6f 05 00 00 0f b7 81 d8 00 00 00 e9
0x00007fff5ed696cf:   63 05 00 00 0f b7 81 da 00 00 00 e9 57 05 00 00
0x00007fff5ed696df:   8b 51 08 31 c0 8d 7a ff 83 ff 1e 0f 87 46 05 00
0x00007fff5ed696ef:   00 48 8d 1d 99 08 00 00 48 63 3c bb 48 01 df ff 

Register to memory mapping:

RAX=0x9fccf5ebdfa000fd is an unknown value
RBX=0x00007faafbaa0000 is an unknown value
RCX=0x00187faafb791910 is an unknown value
RDX=0x00000000ffffffe2 is an unknown value
RSP=0x00007ffeeefe26a0 is pointing into the stack for thread: 0x00007faafd0d9800
RBP=0x00007ffeeefe26c0 is pointing into the stack for thread: 0x00007faafd0d9800
RSI=0x0000000000000009 is an unknown value
RDI=0x00007faafb727520 is an unknown value
R8 =0x00007fff906772c8: __block_descriptor_tmp+0xe4f0 in /System/Library/Frameworks/Carbon.framework/Versions/A/Frameworks/HIToolbox.framework/Versions/A/HIToolbox at 0x00007fff37f8b000
R9 =0xffffffffffffffff is an unknown value
R10=0x00007faafd96dbf0 is an unknown value
R11=0xafee5cdc9807cb5c is an unknown value
R12=0x00007faafb727520 is an unknown value
R13=0x00007faafb594c70 is an unknown value
R14=0x00007faafd9d08b8 is an unknown value
R15=0x00007faafbaa0030 is an unknown value


Stack: [0x00007ffeee7e7000,0x00007ffeeefe7000],  sp=0x00007ffeeefe26a0,  free space=8173k
Native frames: (J=compiled Java code, j=interpreted, Vv=VM code, C=native code)
C  [SkyLight+0x10f6df]  SLEventGetIntegerValueField+0x153
C  [libJNativeHook-2.1.0.x86_64.dylib+0x3602]  keycode_to_unicode+0x132


---------------  P R O C E S S  ---------------

Java Threads: ( => current thread )
  0x00007faaff108000 JavaThread "pool-28-thread-1" [_thread_blocked, id=327687, stack(0x000070000ac50000,0x000070000ad50000)]
  0x00007faaff150800 JavaThread "pool-27-thread-1" [_thread_blocked, id=326947, stack(0x000070000ab4d000,0x000070000ac4d000)]
  0x00007faafba9d800 JavaThread "pool-26-thread-1" [_thread_blocked, id=328771, stack(0x000070000aa4a000,0x000070000ab4a000)]
  0x00007faafd27c800 JavaThread "pool-25-thread-1" [_thread_blocked, id=328451, stack(0x000070000a947000,0x000070000aa47000)]
  0x00007faafd49b800 JavaThread "pool-24-thread-1" [_thread_blocked, id=326203, stack(0x000070000a844000,0x000070000a944000)]
  0x00007faaff53d000 JavaThread "pool-23-thread-1" [_thread_blocked, id=325387, stack(0x000070000a741000,0x000070000a841000)]
  0x00007faaff063800 JavaThread "pool-22-thread-1" [_thread_blocked, id=307503, stack(0x000070000a63e000,0x000070000a73e000)]
  0x00007faafcdae800 JavaThread "AWT-EventQueue-0" [_thread_blocked, id=324375, stack(0x000070000958b000,0x000070000968b000)]
  0x00007faafd051800 JavaThread "AWT-Shutdown" [_thread_blocked, id=321687, stack(0x0000700009488000,0x0000700009588000)]
  0x00007faaff064000 JavaThread "pool-21-thread-1" [_thread_blocked, id=342895, stack(0x000070000a53b000,0x000070000a63b000)]
  0x00007faaff434000 JavaThread "pool-20-thread-1" [_thread_blocked, id=329739, stack(0x000070000a3b5000,0x000070000a4b5000)]
  0x00007faafc1b0800 JavaThread "pool-19-thread-1" [_thread_blocked, id=323707, stack(0x000070000a2b2000,0x000070000a3b2000)]
  0x00007faafcc31800 JavaThread "pool-18-thread-1" [_thread_blocked, id=323303, stack(0x000070000a1af000,0x000070000a2af000)]
  0x00007faafbc53000 JavaThread "pool-17-thread-1" [_thread_blocked, id=330763, stack(0x000070000a0ac000,0x000070000a1ac000)]
  0x00007faafb98e800 JavaThread "pool-16-thread-1" [_thread_blocked, id=80399, stack(0x0000700009fa9000,0x000070000a0a9000)]
  0x00007faaff4bb800 JavaThread "pool-15-thread-1" [_thread_blocked, id=282431, stack(0x0000700009ea6000,0x0000700009fa6000)]
  0x00007faafba3c800 JavaThread "pool-14-thread-1" [_thread_blocked, id=288063, stack(0x0000700009da3000,0x0000700009ea3000)]
  0x00007faafd12c000 JavaThread "pool-13-thread-1" [_thread_blocked, id=288275, stack(0x0000700009ca0000,0x0000700009da0000)]
  0x00007faaff3e8800 JavaThread "pool-12-thread-1" [_thread_blocked, id=281619, stack(0x0000700008bea000,0x0000700008cea000)]
  0x00007faafca8e000 JavaThread "pool-11-thread-1" [_thread_blocked, id=100419, stack(0x0000700008ae7000,0x0000700008be7000)]
  0x00007faafb96b800 JavaThread "pool-10-thread-1" [_thread_blocked, id=280327, stack(0x0000700009b9d000,0x0000700009c9d000)]
  0x00007faafd27b000 JavaThread "pool-9-thread-1" [_thread_blocked, id=244087, stack(0x0000700009a9a000,0x0000700009b9a000)]
  0x00007faafd12d000 JavaThread "pool-8-thread-1" [_thread_blocked, id=196535, stack(0x0000700009997000,0x0000700009a97000)]
  0x00007faafd1cd800 JavaThread "pool-7-thread-1" [_thread_blocked, id=103591, stack(0x0000700009894000,0x0000700009994000)]
  0x00007faafc0ea000 JavaThread "pool-6-thread-1" [_thread_blocked, id=103387, stack(0x0000700009791000,0x0000700009891000)]
  0x00007faaff3fc000 JavaThread "pool-5-thread-1" [_thread_blocked, id=62779, stack(0x000070000968e000,0x000070000978e000)]
  0x00007faafca18800 JavaThread "pool-4-thread-1" [_thread_blocked, id=66063, stack(0x0000700009385000,0x0000700009485000)]
  0x00007faafd12b800 JavaThread "pool-3-thread-1" [_thread_blocked, id=79111, stack(0x0000700008ced000,0x0000700008ded000)]
  0x00007faafce3a000 JavaThread "Disposer" daemon [_thread_blocked, id=61715, stack(0x0000700009282000,0x0000700009382000)]
  0x00007faafbb60000 JavaThread "Prism Font Disposer" daemon [_thread_blocked, id=71931, stack(0x000070000917f000,0x000070000927f000)]
  0x00007faafcd26000 JavaThread "Java2D Disposer" daemon [_thread_blocked, id=61199, stack(0x0000700008ff9000,0x00007000090f9000)]
  0x00007faafccc8000 JavaThread "Java2D Queue Flusher" daemon [_thread_blocked, id=73231, stack(0x0000700008ef6000,0x0000700008ff6000)]
  0x00007faafca8a800 JavaThread "Thread-7" [_thread_blocked, id=80135, stack(0x00007000089e4000,0x0000700008ae4000)]
  0x00007faafb972800 JavaThread "JNativeHook Hook Thread" [_thread_in_native, id=49411, stack(0x00007000088e1000,0x00007000089e1000)]
  0x00007faafca19800 JavaThread "JavaFX-Launcher" [_thread_blocked, id=82699, stack(0x00007000087de000,0x00007000088de000)]
  0x00007faafca0a800 JavaThread "Thread-3" daemon [_thread_in_native, id=33283, stack(0x00007000086d8000,0x0000700008758000)]
=>0x00007faafd0d9800 JavaThread "JavaFX Application Thread" [_thread_in_native, id=775, stack(0x00007ffeee7e7000,0x00007ffeeefe7000)]
  0x00007faafb8e9000 JavaThread "Thread-1" daemon [_thread_blocked, id=23299, stack(0x0000700008552000,0x0000700008652000)]
  0x00007faafb88b000 JavaThread "QuantumRenderer-0" daemon [_thread_blocked, id=15619, stack(0x000070000844f000,0x000070000854f000)]
  0x00007faafc806800 JavaThread "Service Thread" daemon [_thread_blocked, id=18435, stack(0x0000700008249000,0x0000700008349000)]
  0x00007faafc003000 JavaThread "C1 CompilerThread2" daemon [_thread_blocked, id=14595, stack(0x0000700008146000,0x0000700008246000)]
  0x00007faafd023000 JavaThread "C2 CompilerThread1" daemon [_thread_blocked, id=14083, stack(0x0000700008043000,0x0000700008143000)]
  0x00007faafd021800 JavaThread "C2 CompilerThread0" daemon [_thread_blocked, id=18947, stack(0x0000700007f40000,0x0000700008040000)]
  0x00007faafd020800 JavaThread "Signal Dispatcher" daemon [_thread_blocked, id=19203, stack(0x0000700007e3d000,0x0000700007f3d000)]
  0x00007faafb83b800 JavaThread "Finalizer" daemon [_thread_blocked, id=20739, stack(0x0000700007d3a000,0x0000700007e3a000)]
  0x00007faafb83b000 JavaThread "Reference Handler" daemon [_thread_blocked, id=12291, stack(0x0000700007c37000,0x0000700007d37000)]
  0x00007faafc004000 JavaThread "main" [_thread_blocked, id=6403, stack(0x0000700007625000,0x0000700007725000)]

Other Threads:
  0x00007faafb836800 VMThread [stack: 0x0000700007b34000,0x0000700007c34000] [id=12035]
  0x00007faafc848800 WatcherThread [stack: 0x000070000834c000,0x000070000844c000] [id=15107]

VM state:not at safepoint (normal execution)

VM Mutex/Monitor currently owned by a thread: None

Heap:
 PSYoungGen      total 33792K, used 17827K [0x0000000795580000, 0x0000000798380000, 0x00000007c0000000)
  eden space 22016K, 48% used [0x0000000795580000,0x0000000796001040,0x0000000796b00000)
  from space 11776K, 60% used [0x0000000797700000,0x0000000797de7e80,0x0000000798280000)
  to   space 12288K, 0% used [0x0000000796b00000,0x0000000796b00000,0x0000000797700000)
 ParOldGen       total 65536K, used 37945K [0x0000000740000000, 0x0000000744000000, 0x0000000795580000)
  object space 65536K, 57% used [0x0000000740000000,0x000000074250e530,0x0000000744000000)
 Metaspace       used 22902K, capacity 23721K, committed 23936K, reserved 1071104K
  class space    used 2897K, capacity 3119K, committed 3200K, reserved 1048576K

Card table byte_map: [0x0000000102974000,0x0000000102d75000] byte_map_base: 0x00000000fef74000

Marking Bits: (ParMarkBitMap*) 0x0000000101ef9cd0
 Begin Bits: [0x00000001130d4000, 0x00000001150d4000)
 End Bits:   [0x00000001150d4000, 0x00000001170d4000)

Polling page: 0x0000000100c88000

CodeCache: size=245760Kb used=9961Kb max_used=9980Kb free=235799Kb
 bounds [0x00000001040d4000, 0x0000000104ab4000, 0x00000001130d4000]
 total_blobs=3735 nmethods=2949 adapters=699
 compilation: enabled

Compilation events (10 events):
Event: 1783.450 Thread 0x00007faafd023000 3478       4       com.sun.javafx.sg.prism.NGNode::markCullRegions (204 bytes)
Event: 1783.466 Thread 0x00007faafd021800 3479       4       com.sun.javafx.sg.prism.NGGroup::markCullRegions (198 bytes)
Event: 1783.473 Thread 0x00007faafd023000 nmethod 3478 0x0000000104a91450 code [0x0000000104a91720, 0x0000000104a92328]
Event: 1783.500 Thread 0x00007faafc003000 3480   !   3       java.util.concurrent.ThreadPoolExecutor::getTask (179 bytes)
Event: 1783.501 Thread 0x00007faafc003000 nmethod 3480 0x0000000104a93050 code [0x0000000104a932a0, 0x0000000104a94418]
Event: 1783.549 Thread 0x00007faafc003000 3481       3       javafx.scene.Node$MiscProperties::invalidateBoundsInLocal (15 bytes)
Event: 1783.549 Thread 0x00007faafc003000 nmethod 3481 0x0000000104a8a550 code [0x0000000104a8a6e0, 0x0000000104a8aae8]
Event: 1783.579 Thread 0x00007faafd021800 nmethod 3479 0x0000000104a9a590 code [0x0000000104a9ab60, 0x0000000104a9fe00]
Event: 1783.599 Thread 0x00007faafc003000 3482       3       com.sun.scenario.effect.ImageData::unref (103 bytes)
Event: 1783.600 Thread 0x00007faafc003000 nmethod 3482 0x0000000104a90210 code [0x0000000104a90420, 0x0000000104a91038]

GC Heap History (10 events):
Event: 1125.935 GC heap before
{Heap before GC invocations=77 (full 1):
 PSYoungGen      total 34304K, used 32342K [0x0000000795580000, 0x0000000798180000, 0x00000007c0000000)
  eden space 23552K, 100% used [0x0000000795580000,0x0000000796c80000,0x0000000796c80000)
  from space 10752K, 81% used [0x0000000796c80000,0x00000007975159a8,0x0000000797700000)
  to   space 10752K, 0% used [0x0000000797700000,0x0000000797700000,0x0000000798180000)
 ParOldGen       total 65536K, used 32817K [0x0000000740000000, 0x0000000744000000, 0x0000000795580000)
  object space 65536K, 50% used [0x0000000740000000,0x000000074200c650,0x0000000744000000)
 Metaspace       used 22596K, capacity 23465K, committed 23680K, reserved 1069056K
  class space    used 2895K, capacity 3119K, committed 3200K, reserved 1048576K
Event: 1125.957 GC heap after
Heap after GC invocations=77 (full 1):
 PSYoungGen      total 33792K, used 10399K [0x0000000795580000, 0x0000000798280000, 0x00000007c0000000)
  eden space 23040K, 0% used [0x0000000795580000,0x0000000795580000,0x0000000796c00000)
  from space 10752K, 96% used [0x0000000797700000,0x0000000798127dc0,0x0000000798180000)
  to   space 11264K, 0% used [0x0000000796c00000,0x0000000796c00000,0x0000000797700000)
 ParOldGen       total 65536K, used 34521K [0x0000000740000000, 0x0000000744000000, 0x0000000795580000)
  object space 65536K, 52% used [0x0000000740000000,0x00000007421b65f0,0x0000000744000000)
 Metaspace       used 22596K, capacity 23465K, committed 23680K, reserved 1069056K
  class space    used 2895K, capacity 3119K, committed 3200K, reserved 1048576K
}
Event: 1395.331 GC heap before
{Heap before GC invocations=78 (full 1):
 PSYoungGen      total 33792K, used 33439K [0x0000000795580000, 0x0000000798280000, 0x00000007c0000000)
  eden space 23040K, 100% used [0x0000000795580000,0x0000000796c00000,0x0000000796c00000)
  from space 10752K, 96% used [0x0000000797700000,0x0000000798127dc0,0x0000000798180000)
  to   space 11264K, 0% used [0x0000000796c00000,0x0000000796c00000,0x0000000797700000)
 ParOldGen       total 65536K, used 34521K [0x0000000740000000, 0x0000000744000000, 0x0000000795580000)
  object space 65536K, 52% used [0x0000000740000000,0x00000007421b65f0,0x0000000744000000)
 Metaspace       used 22604K, capacity 23465K, committed 23680K, reserved 1069056K
  class space    used 2895K, capacity 3119K, committed 3200K, reserved 1048576K
Event: 1395.352 GC heap after
Heap after GC invocations=78 (full 1):
 PSYoungGen      total 34304K, used 10399K [0x0000000795580000, 0x0000000798200000, 0x00000007c0000000)
  eden space 23040K, 0% used [0x0000000795580000,0x0000000795580000,0x0000000796c00000)
  from space 11264K, 92% used [0x0000000796c00000,0x0000000797627dc0,0x0000000797700000)
  to   space 11264K, 0% used [0x0000000797700000,0x0000000797700000,0x0000000798200000)
 ParOldGen       total 65536K, used 34529K [0x0000000740000000, 0x0000000744000000, 0x0000000795580000)
  object space 65536K, 52% used [0x0000000740000000,0x00000007421b85f0,0x0000000744000000)
 Metaspace       used 22604K, capacity 23465K, committed 23680K, reserved 1069056K
  class space    used 2895K, capacity 3119K, committed 3200K, reserved 1048576K
}
Event: 1690.453 GC heap before
{Heap before GC invocations=79 (full 1):
 PSYoungGen      total 34304K, used 33439K [0x0000000795580000, 0x0000000798200000, 0x00000007c0000000)
  eden space 23040K, 100% used [0x0000000795580000,0x0000000796c00000,0x0000000796c00000)
  from space 11264K, 92% used [0x0000000796c00000,0x0000000797627dc0,0x0000000797700000)
  to   space 11264K, 0% used [0x0000000797700000,0x0000000797700000,0x0000000798200000)
 ParOldGen       total 65536K, used 34529K [0x0000000740000000, 0x0000000744000000, 0x0000000795580000)
  object space 65536K, 52% used [0x0000000740000000,0x00000007421b85f0,0x0000000744000000)
 Metaspace       used 22672K, capacity 23529K, committed 23680K, reserved 1069056K
  class space    used 2895K, capacity 3119K, committed 3200K, reserved 1048576K
Event: 1690.456 GC heap after
Heap after GC invocations=79 (full 1):
 PSYoungGen      total 33792K, used 10399K [0x0000000795580000, 0x0000000798300000, 0x00000007c0000000)
  eden space 22528K, 0% used [0x0000000795580000,0x0000000795580000,0x0000000796b80000)
  from space 11264K, 92% used [0x0000000797700000,0x0000000798127dc0,0x0000000798200000)
  to   space 11776K, 0% used [0x0000000796b80000,0x0000000796b80000,0x0000000797700000)
 ParOldGen       total 65536K, used 34537K [0x0000000740000000, 0x0000000744000000, 0x0000000795580000)
  object space 65536K, 52% used [0x0000000740000000,0x00000007421ba5f0,0x0000000744000000)
 Metaspace       used 22672K, capacity 23529K, committed 23680K, reserved 1069056K
  class space    used 2895K, capacity 3119K, committed 3200K, reserved 1048576K
}
Event: 1766.597 GC heap before
{Heap before GC invocations=80 (full 1):
 PSYoungGen      total 33792K, used 32743K [0x0000000795580000, 0x0000000798300000, 0x00000007c0000000)
  eden space 22528K, 99% used [0x0000000795580000,0x0000000796b520c0,0x0000000796b80000)
  from space 11264K, 92% used [0x0000000797700000,0x0000000798127dc0,0x0000000798200000)
  to   space 11776K, 0% used [0x0000000796b80000,0x0000000796b80000,0x0000000797700000)
 ParOldGen       total 65536K, used 34537K [0x0000000740000000, 0x0000000744000000, 0x0000000795580000)
  object space 65536K, 52% used [0x0000000740000000,0x00000007421ba5f0,0x0000000744000000)
 Metaspace       used 22806K, capacity 23657K, committed 23936K, reserved 1071104K
  class space    used 2896K, capacity 3119K, committed 3200K, reserved 1048576K
Event: 1766.603 GC heap after
Heap after GC invocations=80 (full 1):
 PSYoungGen      total 34304K, used 10399K [0x0000000795580000, 0x0000000798280000, 0x00000007c0000000)
  eden space 22528K, 0% used [0x0000000795580000,0x0000000795580000,0x0000000796b80000)
  from space 11776K, 88% used [0x0000000796b80000,0x00000007975a7dc0,0x0000000797700000)
  to   space 11776K, 0% used [0x0000000797700000,0x0000000797700000,0x0000000798280000)
 ParOldGen       total 65536K, used 37937K [0x0000000740000000, 0x0000000744000000, 0x0000000795580000)
  object space 65536K, 57% used [0x0000000740000000,0x000000074250c530,0x0000000744000000)
 Metaspace       used 22806K, capacity 23657K, committed 23936K, reserved 1071104K
  class space    used 2896K, capacity 3119K, committed 3200K, reserved 1048576K
}
Event: 1783.116 GC heap before
{Heap before GC invocations=81 (full 1):
 PSYoungGen      total 34304K, used 31338K [0x0000000795580000, 0x0000000798280000, 0x00000007c0000000)
  eden space 22528K, 92% used [0x0000000795580000,0x00000007969f2de0,0x0000000796b80000)
  from space 11776K, 88% used [0x0000000796b80000,0x00000007975a7dc0,0x0000000797700000)
  to   space 11776K, 0% used [0x0000000797700000,0x0000000797700000,0x0000000798280000)
 ParOldGen       total 65536K, used 37937K [0x0000000740000000, 0x0000000744000000, 0x0000000795580000)
  object space 65536K, 57% used [0x0000000740000000,0x000000074250c530,0x0000000744000000)
 Metaspace       used 22893K, capacity 23721K, committed 23936K, reserved 1071104K
  class space    used 2897K, capacity 3119K, committed 3200K, reserved 1048576K
Event: 1783.118 GC heap after
Heap after GC invocations=81 (full 1):
 PSYoungGen      total 33792K, used 7071K [0x0000000795580000, 0x0000000798380000, 0x00000007c0000000)
  eden space 22016K, 0% used [0x0000000795580000,0x0000000795580000,0x0000000796b00000)
  from space 11776K, 60% used [0x0000000797700000,0x0000000797de7e80,0x0000000798280000)
  to   space 12288K, 0% used [0x0000000796b00000,0x0000000796b00000,0x0000000797700000)
 ParOldGen       total 65536K, used 37945K [0x0000000740000000, 0x0000000744000000, 0x0000000795580000)
  object space 65536K, 57% used [0x0000000740000000,0x000000074250e530,0x0000000744000000)
 Metaspace       used 22893K, capacity 23721K, committed 23936K, reserved 1071104K
  class space    used 2897K, capacity 3119K, committed 3200K, reserved 1048576K
}

Deoptimization events (10 events):
Event: 1031.802 Thread 0x00007faafca8e000 Uncommon trap: reason=unstable_if action=reinterpret pc=0x00000001045ed3f0 method=java.util.AbstractCollection.toArray([Ljava/lang/Object;)[Ljava/lang/Object; @ 8
Event: 1032.113 Thread 0x00007faafd0d9800 Uncommon trap: reason=class_check action=maybe_recompile pc=0x000000010470e8fc method=sun.awt.datatransfer.DataTransferer$IndexedComparator.compareIndices(Ljava/util/Map;Ljava/lang/Object;Ljava/lang/Object;Ljava/lang/Integer;)I @ 2
Event: 1032.113 Thread 0x00007faafd0d9800 Uncommon trap: reason=class_check action=maybe_recompile pc=0x000000010470e8fc method=sun.awt.datatransfer.DataTransferer$IndexedComparator.compareIndices(Ljava/util/Map;Ljava/lang/Object;Ljava/lang/Object;Ljava/lang/Integer;)I @ 2
Event: 1032.113 Thread 0x00007faafd0d9800 Uncommon trap: reason=class_check action=maybe_recompile pc=0x000000010470e8fc method=sun.awt.datatransfer.DataTransferer$IndexedComparator.compareIndices(Ljava/util/Map;Ljava/lang/Object;Ljava/lang/Object;Ljava/lang/Integer;)I @ 2
Event: 1032.113 Thread 0x00007faafd0d9800 Uncommon trap: reason=class_check action=maybe_recompile pc=0x000000010470e8fc method=sun.awt.datatransfer.DataTransferer$IndexedComparator.compareIndices(Ljava/util/Map;Ljava/lang/Object;Ljava/lang/Object;Ljava/lang/Integer;)I @ 2
Event: 1032.117 Thread 0x00007faafd0d9800 Uncommon trap: reason=unstable_if action=reinterpret pc=0x00000001042cfba0 method=sun.nio.cs.UTF_8$Encoder.encode([CII[B)I @ 33
Event: 1210.571 Thread 0x00007faafb972800 Uncommon trap: reason=unstable_if action=reinterpret pc=0x0000000104601b7c method=java.util.logging.Logger.isLoggable(Ljava/util/logging/Level;)Z @ 8
Event: 1448.925 Thread 0x00007faafb88b000 Uncommon trap: reason=unstable_if action=reinterpret pc=0x000000010492f474 method=com.sun.javafx.geom.transform.AffineBase.updateState2D()V @ 51
Event: 1759.109 Thread 0x00007faafd0d9800 Uncommon trap: reason=unstable_if action=reinterpret pc=0x00000001042d16a8 method=com.sun.javafx.image.impl.IntArgb$ToByteBgraPreConv.doConvert([III[BIIII)V @ 29
Event: 1766.592 Thread 0x00007faafd0d9800 Uncommon trap: reason=bimorphic action=maybe_recompile pc=0x000000010460028c method=java.util.Hashtable.addEntry(ILjava/lang/Object;Ljava/lang/Object;I)V @ 38

Classes redefined (0 events):
No events

Internal exceptions (10 events):
Event: 3.366 Thread 0x00007faafca8a800 Implicit null exception at 0x000000010462390a to 0x0000000104623bec
Event: 320.618 Thread 0x00007faafcaa3800 Exception <a 'java/lang/NullPointerException'> (0x0000000796594060) thrown at [/Users/java_re/workspace/8-2-build-macosx-x86_64/jdk8u181/11358/hotspot/src/share/vm/interpreter/linkResolver.cpp, line 1185]
Event: 320.619 Thread 0x00007faafcaa3800 Exception <a 'java/lang/NullPointerException'> (0x0000000796594328) thrown at [/Users/java_re/workspace/8-2-build-macosx-x86_64/jdk8u181/11358/hotspot/src/share/vm/interpreter/linkResolver.cpp, line 1185]
Event: 320.619 Thread 0x00007faafcaa3800 Exception <a 'java/lang/NullPointerException'> (0x00000007965945f0) thrown at [/Users/java_re/workspace/8-2-build-macosx-x86_64/jdk8u181/11358/hotspot/src/share/vm/interpreter/linkResolver.cpp, line 1185]
Event: 363.627 Thread 0x00007faafca8a800 Implicit null exception at 0x0000000104798da5 to 0x0000000104798fc1
Event: 363.627 Thread 0x00007faafca8a800 Implicit null exception at 0x00000001047a6fba to 0x00000001047a746d
Event: 941.079 Thread 0x00007faaff15d000 Exception <a 'java/lang/NullPointerException'> (0x00000007966b88e0) thrown at [/Users/java_re/workspace/8-2-build-macosx-x86_64/jdk8u181/11358/hotspot/src/share/vm/interpreter/linkResolver.cpp, line 1185]
Event: 1019.267 Thread 0x00007faafca8a800 Implicit null exception at 0x00000001047c2338 to 0x00000001047c44d9
Event: 1019.279 Thread 0x00007faafd0d9800 Exception <a 'sun/nio/fs/UnixException'> (0x0000000795a13a80) thrown at [/Users/java_re/workspace/8-2-build-macosx-x86_64/jdk8u181/11358/hotspot/src/share/vm/prims/jni.cpp, line 709]
Event: 1019.282 Thread 0x00007faafd0d9800 Exception <a 'sun/nio/fs/UnixException'> (0x0000000795a14890) thrown at [/Users/java_re/workspace/8-2-build-macosx-x86_64/jdk8u181/11358/hotspot/src/share/vm/prims/jni.cpp, line 709]

Events (10 events):
Event: 1777.131 Thread 0x00007faafd023000 flushing nmethod 0x0000000104823250
Event: 1777.131 Thread 0x00007faafd023000 flushing nmethod 0x0000000104840690
Event: 1777.131 Thread 0x00007faafd023000 flushing nmethod 0x000000010486ea10
Event: 1778.176 Thread 0x00007faafd49b800 Thread added: 0x00007faafd49b800
Event: 1779.732 Thread 0x00007faafd27c800 Thread added: 0x00007faafd27c800
Event: 1781.351 Thread 0x00007faafba9d800 Thread added: 0x00007faafba9d800
Event: 1782.327 Thread 0x00007faaff150800 Thread added: 0x00007faaff150800
Event: 1783.116 Executing VM operation: ParallelGCFailedAllocation
Event: 1783.118 Executing VM operation: ParallelGCFailedAllocation done
Event: 1783.192 Thread 0x00007faaff108000 Thread added: 0x00007faaff108000


Dynamic libraries:
0x00007fff3849f000 	/System/Library/Frameworks/Cocoa.framework/Versions/A/Cocoa
0x00007fff4471f000 	/System/Library/Frameworks/Security.framework/Versions/A/Security
0x00007fff370a9000 	/System/Library/Frameworks/ApplicationServices.framework/Versions/A/ApplicationServices
0x00007fff65b90000 	/usr/lib/libz.1.dylib
0x00007fff63206000 	/usr/lib/libSystem.B.dylib
0x00007fff64cad000 	/usr/lib/libobjc.A.dylib
0x00007fff38cc1000 	/System/Library/Frameworks/CoreFoundation.framework/Versions/A/CoreFoundation
0x00007fff3b040000 	/System/Library/Frameworks/Foundation.framework/Versions/C/Foundation
0x00007fff36238000 	/System/Library/Frameworks/AppKit.framework/Versions/C/AppKit
0x00007fff38836000 	/System/Library/Frameworks/CoreData.framework/Versions/A/CoreData
0x00007fff5c3f8000 	/System/Library/PrivateFrameworks/RemoteViewServices.framework/Versions/A/RemoteViewServices
0x00007fff60ee1000 	/System/Library/PrivateFrameworks/UIFoundation.framework/Versions/A/UIFoundation
0x00007fff6268d000 	/System/Library/PrivateFrameworks/XCTTargetBootstrap.framework/Versions/A/XCTTargetBootstrap
0x00007fff56f57000 	/System/Library/PrivateFrameworks/IconServices.framework/Versions/A/IconServices
0x00007fff3d8e5000 	/System/Library/Frameworks/Metal.framework/Versions/A/Metal
0x00007fff4e1e9000 	/System/Library/PrivateFrameworks/DesktopServicesPriv.framework/Versions/A/DesktopServicesPriv
0x00007fff63fc1000 	/usr/lib/libenergytrace.dylib
0x00007fff5ec5a000 	/System/Library/PrivateFrameworks/SkyLight.framework/Versions/A/SkyLight
0x00007fff39112000 	/System/Library/Frameworks/CoreGraphics.framework/Versions/A/CoreGraphics
0x00007fff34ff3000 	/System/Library/Frameworks/Accelerate.framework/Versions/A/Accelerate
0x00007fff3b7c6000 	/System/Library/Frameworks/IOSurface.framework/Versions/A/IOSurface
0x00007fff4e04b000 	/System/Library/PrivateFrameworks/DFRFoundation.framework/Versions/A/DFRFoundation
0x00007fff375ae000 	/System/Library/Frameworks/AudioToolbox.framework/Versions/A/AudioToolbox
0x00007fff3784c000 	/System/Library/Frameworks/AudioUnit.framework/Versions/A/AudioUnit
0x00007fff4e0e2000 	/System/Library/PrivateFrameworks/DataDetectorsCore.framework/Versions/A/DataDetectorsCore
0x00007fff37f8b000 	/System/Library/Frameworks/Carbon.framework/Versions/A/Frameworks/HIToolbox.framework/Versions/A/HIToolbox
0x00007fff6411c000 	/usr/lib/libicucore.A.dylib
0x00007fff43c7b000 	/System/Library/Frameworks/QuartzCore.framework/Versions/A/QuartzCore
0x00007fff38372000 	/System/Library/Frameworks/Carbon.framework/Versions/A/Frameworks/SpeechRecognition.framework/Versions/A/SpeechRecognition
0x00007fff63369000 	/usr/lib/libauto.dylib
0x00007fff65a83000 	/usr/lib/libxml2.2.dylib
0x00007fff4dc50000 	/System/Library/PrivateFrameworks/CoreUI.framework/Versions/A/CoreUI
0x00007fff38714000 	/System/Library/Frameworks/CoreAudio.framework/Versions/A/CoreAudio
0x00007fff3ae72000 	/System/Library/Frameworks/DiskArbitration.framework/Versions/A/DiskArbitration
0x00007fff643cc000 	/usr/lib/liblangid.dylib
0x00007fff58401000 	/System/Library/PrivateFrameworks/MultitouchSupport.framework/Versions/A/MultitouchSupport
0x00007fff3b733000 	/System/Library/Frameworks/IOKit.framework/Versions/A/IOKit
0x00007fff62e54000 	/usr/lib/libDiagnosticMessagesClient.dylib
0x00007fff39f7d000 	/System/Library/Frameworks/CoreServices.framework/Versions/A/CoreServices
0x00007fff5a12b000 	/System/Library/PrivateFrameworks/PerformanceAnalysis.framework/Versions/A/PerformanceAnalysis
0x00007fff42e10000 	/System/Library/Frameworks/OpenGL.framework/Versions/A/OpenGL
0x00007fff384ad000 	/System/Library/Frameworks/ColorSync.framework/Versions/A/ColorSync
0x00007fff397a1000 	/System/Library/Frameworks/CoreImage.framework/Versions/A/CoreImage
0x00007fff3a9bb000 	/System/Library/Frameworks/CoreText.framework/Versions/A/CoreText
0x00007fff3b827000 	/System/Library/Frameworks/ImageIO.framework/Versions/A/ImageIO
0x00007fff4a2c6000 	/System/Library/PrivateFrameworks/Backup.framework/Versions/A/Backup
0x00007fff632bc000 	/usr/lib/libarchive.2.dylib
0x00007fff37bb0000 	/System/Library/Frameworks/CFNetwork.framework/Versions/A/CFNetwork
0x00007fff44ec8000 	/System/Library/Frameworks/SystemConfiguration.framework/Versions/A/SystemConfiguration
0x00007fff62d7d000 	/usr/lib/libCRFSuite.dylib
0x00007fff63461000 	/usr/lib/libc++.1.dylib
0x00007fff634b9000 	/usr/lib/libc++abi.dylib
0x00007fff65c13000 	/usr/lib/system/libcache.dylib
0x00007fff65c18000 	/usr/lib/system/libcommonCrypto.dylib
0x00007fff65c23000 	/usr/lib/system/libcompiler_rt.dylib
0x00007fff65c2b000 	/usr/lib/system/libcopyfile.dylib
0x00007fff65c35000 	/usr/lib/system/libcorecrypto.dylib
0x00007fff65d3f000 	/usr/lib/system/libdispatch.dylib
0x00007fff65d7a000 	/usr/lib/system/libdyld.dylib
0x00007fff65daa000 	/usr/lib/system/libkeymgr.dylib
0x00007fff65db8000 	/usr/lib/system/liblaunch.dylib
0x00007fff65db9000 	/usr/lib/system/libmacho.dylib
0x00007fff65dbf000 	/usr/lib/system/libquarantine.dylib
0x00007fff65dc2000 	/usr/lib/system/libremovefile.dylib
0x00007fff65dc4000 	/usr/lib/system/libsystem_asl.dylib
0x00007fff65ddc000 	/usr/lib/system/libsystem_blocks.dylib
0x00007fff65ddd000 	/usr/lib/system/libsystem_c.dylib
0x00007fff65e66000 	/usr/lib/system/libsystem_configuration.dylib
0x00007fff65e6a000 	/usr/lib/system/libsystem_coreservices.dylib
0x00007fff65e6e000 	/usr/lib/system/libsystem_darwin.dylib
0x00007fff65e75000 	/usr/lib/system/libsystem_dnssd.dylib
0x00007fff65e7c000 	/usr/lib/system/libsystem_info.dylib
0x00007fff65ef1000 	/usr/lib/system/libsystem_m.dylib
0x00007fff65f3d000 	/usr/lib/system/libsystem_malloc.dylib
0x00007fff65f62000 	/usr/lib/system/libsystem_networkextension.dylib
0x00007fff65f6e000 	/usr/lib/system/libsystem_notify.dylib
0x00007fff65f8b000 	/usr/lib/system/libsystem_sandbox.dylib
0x00007fff65f8f000 	/usr/lib/system/libsystem_secinit.dylib
0x00007fff65ec9000 	/usr/lib/system/libsystem_kernel.dylib
0x00007fff65f76000 	/usr/lib/system/libsystem_platform.dylib
0x00007fff65f80000 	/usr/lib/system/libsystem_pthread.dylib
0x00007fff65f92000 	/usr/lib/system/libsystem_symptoms.dylib
0x00007fff65f9a000 	/usr/lib/system/libsystem_trace.dylib
0x00007fff65fb1000 	/usr/lib/system/libunwind.dylib
0x00007fff65fb7000 	/usr/lib/system/libxpc.dylib
0x00007fff63441000 	/usr/lib/libbsm.0.dylib
0x00007fff65dab000 	/usr/lib/system/libkxld.dylib
0x00007fff49582000 	/System/Library/PrivateFrameworks/AppleFSCompression.framework/Versions/A/AppleFSCompression
0x00007fff630c5000 	/usr/lib/libOpenScriptingUtil.dylib
0x00007fff637a4000 	/usr/lib/libcoretls.dylib
0x00007fff637bb000 	/usr/lib/libcoretls_cfhelpers.dylib
0x00007fff65446000 	/usr/lib/libpam.2.dylib
0x00007fff65609000 	/usr/lib/libsqlite3.dylib
0x00007fff65a71000 	/usr/lib/libxar.1.dylib
0x00007fff63452000 	/usr/lib/libbz2.1.0.dylib
0x00007fff643ce000 	/usr/lib/liblzma.5.dylib
0x00007fff648c4000 	/usr/lib/libnetwork.dylib
0x00007fff632a5000 	/usr/lib/libapple_nghttp2.dylib
0x00007fff6544d000 	/usr/lib/libpcap.A.dylib
0x00007fff3a321000 	/System/Library/Frameworks/CoreServices.framework/Versions/A/Frameworks/FSEvents.framework/Versions/A/FSEvents
0x00007fff39ffd000 	/System/Library/Frameworks/CoreServices.framework/Versions/A/Frameworks/CarbonCore.framework/Versions/A/CarbonCore
0x00007fff3a4f6000 	/System/Library/Frameworks/CoreServices.framework/Versions/A/Frameworks/Metadata.framework/Versions/A/Metadata
0x00007fff3a599000 	/System/Library/Frameworks/CoreServices.framework/Versions/A/Frameworks/OSServices.framework/Versions/A/OSServices
0x00007fff3a5e5000 	/System/Library/Frameworks/CoreServices.framework/Versions/A/Frameworks/SearchKit.framework/Versions/A/SearchKit
0x00007fff39f7e000 	/System/Library/Frameworks/CoreServices.framework/Versions/A/Frameworks/AE.framework/Versions/A/AE
0x00007fff3a32a000 	/System/Library/Frameworks/CoreServices.framework/Versions/A/Frameworks/LaunchServices.framework/Versions/A/LaunchServices
0x00007fff3a2d6000 	/System/Library/Frameworks/CoreServices.framework/Versions/A/Frameworks/DictionaryServices.framework/Versions/A/DictionaryServices
0x00007fff3a654000 	/System/Library/Frameworks/CoreServices.framework/Versions/A/Frameworks/SharedFileList.framework/Versions/A/SharedFileList
0x00007fff3eda0000 	/System/Library/Frameworks/NetFS.framework/Versions/A/NetFS
0x00007fff5869d000 	/System/Library/PrivateFrameworks/NetAuth.framework/Versions/A/NetAuth
0x00007fff62ac1000 	/System/Library/PrivateFrameworks/login.framework/Versions/A/Frameworks/loginsupport.framework/Versions/A/loginsupport
0x00007fff60add000 	/System/Library/PrivateFrameworks/TCC.framework/Versions/A/TCC
0x00007fff4d278000 	/System/Library/PrivateFrameworks/CoreNLP.framework/Versions/A/CoreNLP
0x00007fff580f3000 	/System/Library/PrivateFrameworks/MetadataUtilities.framework/Versions/A/MetadataUtilities
0x00007fff644af000 	/usr/lib/libmecabra.dylib
0x00007fff370aa000 	/System/Library/Frameworks/ApplicationServices.framework/Versions/A/Frameworks/ATS.framework/Versions/A/ATS
0x00007fff37415000 	/System/Library/Frameworks/ApplicationServices.framework/Versions/A/Frameworks/ColorSyncLegacy.framework/Versions/A/ColorSyncLegacy
0x00007fff374b6000 	/System/Library/Frameworks/ApplicationServices.framework/Versions/A/Frameworks/HIServices.framework/Versions/A/HIServices
0x00007fff37509000 	/System/Library/Frameworks/ApplicationServices.framework/Versions/A/Frameworks/LangAnalysis.framework/Versions/A/LangAnalysis
0x00007fff37518000 	/System/Library/Frameworks/ApplicationServices.framework/Versions/A/Frameworks/PrintCore.framework/Versions/A/PrintCore
0x00007fff37565000 	/System/Library/Frameworks/ApplicationServices.framework/Versions/A/Frameworks/QD.framework/Versions/A/QD
0x00007fff375a1000 	/System/Library/Frameworks/ApplicationServices.framework/Versions/A/Frameworks/SpeechSynthesis.framework/Versions/A/SpeechSynthesis
0x00007fff634e1000 	/usr/lib/libcompression.dylib
0x00007fff38bd7000 	/System/Library/Frameworks/CoreDisplay.framework/Versions/A/CoreDisplay
0x00007fff3dba1000 	/System/Library/Frameworks/MetalPerformanceShaders.framework/Versions/A/MetalPerformanceShaders
0x00007fff3500b000 	/System/Library/Frameworks/Accelerate.framework/Versions/A/Frameworks/vImage.framework/Versions/A/vImage
0x00007fff36087000 	/System/Library/Frameworks/Accelerate.framework/Versions/A/Frameworks/vecLib.framework/Versions/A/vecLib
0x00007fff35fd1000 	/System/Library/Frameworks/Accelerate.framework/Versions/A/Frameworks/vecLib.framework/Versions/A/libvMisc.dylib
0x00007fff35dec000 	/System/Library/Frameworks/Accelerate.framework/Versions/A/Frameworks/vecLib.framework/Versions/A/libvDSP.dylib
0x00007fff356ac000 	/System/Library/Frameworks/Accelerate.framework/Versions/A/Frameworks/vecLib.framework/Versions/A/libBLAS.dylib
0x00007fff35997000 	/System/Library/Frameworks/Accelerate.framework/Versions/A/Frameworks/vecLib.framework/Versions/A/libLAPACK.dylib
0x00007fff35d3e000 	/System/Library/Frameworks/Accelerate.framework/Versions/A/Frameworks/vecLib.framework/Versions/A/libLinearAlgebra.dylib
0x00007fff35dd8000 	/System/Library/Frameworks/Accelerate.framework/Versions/A/Frameworks/vecLib.framework/Versions/A/libSparseBLAS.dylib
0x00007fff35d54000 	/System/Library/Frameworks/Accelerate.framework/Versions/A/Frameworks/vecLib.framework/Versions/A/libQuadrature.dylib
0x00007fff35924000 	/System/Library/Frameworks/Accelerate.framework/Versions/A/Frameworks/vecLib.framework/Versions/A/libBNNS.dylib
0x00007fff35d5a000 	/System/Library/Frameworks/Accelerate.framework/Versions/A/Frameworks/vecLib.framework/Versions/A/libSparse.dylib
0x00007fff54776000 	/System/Library/PrivateFrameworks/GPUWrangler.framework/Versions/A/GPUWrangler
0x00007fff56b20000 	/System/Library/PrivateFrameworks/IOAccelerator.framework/Versions/A/IOAccelerator
0x00007fff56b2b000 	/System/Library/PrivateFrameworks/IOPresentment.framework/Versions/A/IOPresentment
0x00007fff4e05b000 	/System/Library/PrivateFrameworks/DSExternalDisplay.framework/Versions/A/DSExternalDisplay
0x00007fff42255000 	/System/Library/Frameworks/OpenGL.framework/Versions/A/Libraries/libCoreFSCache.dylib
0x00007fff3d995000 	/System/Library/Frameworks/MetalPerformanceShaders.framework/Frameworks/MPSCore.framework/Versions/A/MPSCore
0x00007fff3d9b6000 	/System/Library/Frameworks/MetalPerformanceShaders.framework/Frameworks/MPSImage.framework/Versions/A/MPSImage
0x00007fff3da5d000 	/System/Library/Frameworks/MetalPerformanceShaders.framework/Frameworks/MPSNeuralNetwork.framework/Versions/A/MPSNeuralNetwork
0x00007fff3da34000 	/System/Library/Frameworks/MetalPerformanceShaders.framework/Frameworks/MPSMatrix.framework/Versions/A/MPSMatrix
0x00007fff3db85000 	/System/Library/Frameworks/MetalPerformanceShaders.framework/Frameworks/MPSRayIntersector.framework/Versions/A/MPSRayIntersector
0x00007fff5811c000 	/System/Library/PrivateFrameworks/MetalTools.framework/Versions/A/MetalTools
0x00007fff48c7e000 	/System/Library/PrivateFrameworks/AggregateDictionary.framework/Versions/A/AggregateDictionary
0x00007fff630a5000 	/usr/lib/libMobileGestalt.dylib
0x00007fff3ab21000 	/System/Library/Frameworks/CoreVideo.framework/Versions/A/CoreVideo
0x00007fff555da000 	/System/Library/PrivateFrameworks/GraphVisualizer.framework/Versions/A/GraphVisualizer
0x00007fff4f386000 	/System/Library/PrivateFrameworks/FaceCore.framework/Versions/A/FaceCore
0x00007fff4186c000 	/System/Library/Frameworks/OpenCL.framework/Versions/A/OpenCL
0x00007fff62e8c000 	/usr/lib/libFosl_dynamic.dylib
0x00007fff58f72000 	/System/Library/PrivateFrameworks/OTSVG.framework/Versions/A/OTSVG
0x00007fff371ae000 	/System/Library/Frameworks/ApplicationServices.framework/Versions/A/Frameworks/ATS.framework/Versions/A/Resources/libFontParser.dylib
0x00007fff372ce000 	/System/Library/Frameworks/ApplicationServices.framework/Versions/A/Frameworks/ATS.framework/Versions/A/Resources/libFontRegistry.dylib
0x00007fff3baa7000 	/System/Library/Frameworks/ImageIO.framework/Versions/A/Resources/libJPEG.dylib
0x00007fff3bdc9000 	/System/Library/Frameworks/ImageIO.framework/Versions/A/Resources/libTIFF.dylib
0x00007fff3bd9f000 	/System/Library/Frameworks/ImageIO.framework/Versions/A/Resources/libPng.dylib
0x00007fff3b9bc000 	/System/Library/Frameworks/ImageIO.framework/Versions/A/Resources/libGIF.dylib
0x00007fff3b9c1000 	/System/Library/Frameworks/ImageIO.framework/Versions/A/Resources/libJP2.dylib
0x00007fff3bdc6000 	/System/Library/Frameworks/ImageIO.framework/Versions/A/Resources/libRadiance.dylib
0x00007fff496db000 	/System/Library/PrivateFrameworks/AppleJPEG.framework/Versions/A/AppleJPEG
0x00007fff42260000 	/System/Library/Frameworks/OpenGL.framework/Versions/A/Libraries/libGFXShared.dylib
0x00007fff42423000 	/System/Library/Frameworks/OpenGL.framework/Versions/A/Libraries/libGLU.dylib
0x00007fff42269000 	/System/Library/Frameworks/OpenGL.framework/Versions/A/Libraries/libGL.dylib
0x00007fff42275000 	/System/Library/Frameworks/OpenGL.framework/Versions/A/Libraries/libGLImage.dylib
0x00007fff42252000 	/System/Library/Frameworks/OpenGL.framework/Versions/A/Libraries/libCVMSPluginSupport.dylib
0x00007fff4225b000 	/System/Library/Frameworks/OpenGL.framework/Versions/A/Libraries/libCoreVMClient.dylib
0x00007fff63e33000 	/usr/lib/libcups.2.dylib
0x00007fff3cead000 	/System/Library/Frameworks/Kerberos.framework/Versions/A/Kerberos
0x00007fff3b47f000 	/System/Library/Frameworks/GSS.framework/Versions/A/GSS
0x00007fff6559d000 	/usr/lib/libresolv.9.dylib
0x00007fff6402a000 	/usr/lib/libiconv.2.dylib
0x00007fff556d0000 	/System/Library/PrivateFrameworks/Heimdal.framework/Versions/A/Heimdal
0x00007fff63ff9000 	/usr/lib/libheimdal-asn1.dylib
0x00007fff418e3000 	/System/Library/Frameworks/OpenDirectory.framework/Versions/A/OpenDirectory
0x00007fff4bf89000 	/System/Library/PrivateFrameworks/CommonAuth.framework/Versions/A/CommonAuth
0x00007fff418c6000 	/System/Library/Frameworks/OpenDirectory.framework/Versions/A/Frameworks/CFOpenDirectory.framework/Versions/A/CFOpenDirectory
0x00007fff44a46000 	/System/Library/Frameworks/SecurityFoundation.framework/Versions/A/SecurityFoundation
0x00007fff4819d000 	/System/Library/PrivateFrameworks/APFS.framework/Versions/A/APFS
0x00007fff65a6d000 	/usr/lib/libutil.dylib
0x00007fff634cf000 	/usr/lib/libcharset.1.dylib
0x00007fff49974000 	/System/Library/PrivateFrameworks/AppleSauce.framework/Versions/A/AppleSauce
0x00007fff49b02000 	/System/Library/PrivateFrameworks/AssertionServices.framework/Versions/A/AssertionServices
0x00007fff4a369000 	/System/Library/PrivateFrameworks/BaseBoard.framework/Versions/A/BaseBoard
0x00007fff643fe000 	/usr/lib/libmecab.1.0.0.dylib
0x00007fff63ff3000 	/usr/lib/libgermantok.dylib
0x00007fff63291000 	/usr/lib/libThaiTokenizer.dylib
0x00007fff62db8000 	/usr/lib/libChineseTokenizer.dylib
0x00007fff57253000 	/System/Library/PrivateFrameworks/LanguageModeling.framework/Versions/A/LanguageModeling
0x00007fff4cc8f000 	/System/Library/PrivateFrameworks/CoreEmoji.framework/Versions/A/CoreEmoji
0x00007fff5734b000 	/System/Library/PrivateFrameworks/Lexicon.framework/Versions/A/Lexicon
0x00007fff57393000 	/System/Library/PrivateFrameworks/LinguisticData.framework/Versions/A/LinguisticData
0x00007fff634d0000 	/usr/lib/libcmph.dylib
0x00007fff44b07000 	/System/Library/Frameworks/ServiceManagement.framework/Versions/A/ServiceManagement
0x00007fff4a2bc000 	/System/Library/PrivateFrameworks/BackgroundTaskManagement.framework/Versions/A/BackgroundTaskManagement
0x00007fff65b67000 	/usr/lib/libxslt.1.dylib
0x00007fff3829d000 	/System/Library/Frameworks/Carbon.framework/Versions/A/Frameworks/Ink.framework/Versions/A/Ink
0x00007fff60d59000 	/System/Library/PrivateFrameworks/TextureIO.framework/Versions/A/TextureIO
0x00007fff632e6000 	/usr/lib/libate.dylib
0x00007fff4dfb7000 	/System/Library/PrivateFrameworks/CrashReporterSupport.framework/Versions/A/CrashReporterSupport
0x00007fff5dd89000 	/System/Library/PrivateFrameworks/Sharing.framework/Versions/A/Sharing
0x00007fff49e48000 	/System/Library/PrivateFrameworks/AuthKit.framework/Versions/A/AuthKit
0x00007fff4927a000 	/System/Library/PrivateFrameworks/Apple80211.framework/Versions/A/Apple80211
0x00007fff4dd7d000 	/System/Library/PrivateFrameworks/CoreUtils.framework/Versions/A/CoreUtils
0x00007fff3ab5f000 	/System/Library/Frameworks/CoreWLAN.framework/Versions/A/CoreWLAN
0x00007fff3b5c8000 	/System/Library/Frameworks/IOBluetooth.framework/Versions/A/IOBluetooth
0x00007fff5c0f3000 	/System/Library/PrivateFrameworks/ProtocolBuffer.framework/Versions/A/ProtocolBuffer
0x00007fff58358000 	/System/Library/PrivateFrameworks/MobileKeyBag.framework/Versions/A/MobileKeyBag
0x00007fff4d5a5000 	/System/Library/PrivateFrameworks/CorePhoneNumbers.framework/Versions/A/CorePhoneNumbers
0x00007fff4968f000 	/System/Library/PrivateFrameworks/AppleIDAuthSupport.framework/Versions/A/AppleIDAuthSupport
0x00007fff57225000 	/System/Library/PrivateFrameworks/KeychainCircle.framework/Versions/A/KeychainCircle
0x00007fff5c2c0000 	/System/Library/PrivateFrameworks/ROCKit.framework/Versions/A/ROCKit
0x00007fff4df53000 	/System/Library/PrivateFrameworks/CoreWiFi.framework/Versions/A/CoreWiFi
0x00007fff3880a000 	/System/Library/Frameworks/CoreBluetooth.framework/Versions/A/CoreBluetooth
0x00007fff4e1a7000 	/System/Library/PrivateFrameworks/DebugSymbols.framework/Versions/A/DebugSymbols
0x00007fff4db32000 	/System/Library/PrivateFrameworks/CoreSymbolication.framework/Versions/A/CoreSymbolication
0x00007fff60547000 	/System/Library/PrivateFrameworks/Symbolication.framework/Versions/A/Symbolication
0x00007fff5f6d9000 	/System/Library/PrivateFrameworks/SpeechRecognitionCore.framework/Versions/A/SpeechRecognitionCore
0x0000000101600000 	/Library/Java/JavaVirtualMachines/jdk1.8.0_181.jdk/Contents/Home/jre/lib/server/libjvm.dylib
0x00007fff65931000 	/usr/lib/libstdc++.6.dylib
0x0000000100c44000 	/Library/Java/JavaVirtualMachines/jdk1.8.0_181.jdk/Contents/Home/jre/lib/libverify.dylib
0x0000000100c52000 	/Library/Java/JavaVirtualMachines/jdk1.8.0_181.jdk/Contents/Home/jre/lib/libjava.dylib
0x0000000100cd2000 	/Library/Java/JavaVirtualMachines/jdk1.8.0_181.jdk/Contents/Home/jre/lib/libzip.dylib
0x0000000103fe4000 	/Library/Java/JavaVirtualMachines/jdk1.8.0_181.jdk/Contents/Home/jre/lib/libprism_es2.dylib
0x00007fff4d73c000 	/System/Library/PrivateFrameworks/CoreServicesInternal.framework/Versions/A/CoreServicesInternal
0x00007fff42e20000 	/System/Library/Frameworks/OpenGL.framework/Versions/A/Resources/GLEngine.bundle/GLEngine
0x00007fff422b0000 	/System/Library/Frameworks/OpenGL.framework/Versions/A/Libraries/libGLProgrammability.dylib
0x00007fff2f1aa000 	/System/Library/Extensions/AppleIntelBDWGraphicsGLDriver.bundle/Contents/MacOS/AppleIntelBDWGraphicsGLDriver
0x00007fff5476a000 	/System/Library/PrivateFrameworks/GPUSupport.framework/Versions/A/Libraries/libGPUSupportMercury.dylib
0x00007fff42fb7000 	/System/Library/Frameworks/OpenGL.framework/Versions/A/Resources/GLRendererFloat.bundle/GLRendererFloat
0x00007fff41863000 	/System/Library/Frameworks/OpenCL.framework/Versions/A/Libraries/libcldcpuengine.dylib
0x00007fff6395b000 	/usr/lib/libcrypto.35.dylib
0x00007fff60eda000 	/System/Library/PrivateFrameworks/TrustEvaluationAgent.framework/Versions/A/TrustEvaluationAgent
0x000000011899c000 	/Library/Java/JavaVirtualMachines/jdk1.8.0_181.jdk/Contents/Home/jre/lib/libglass.dylib
0x00007fff2db1c000 	/System/Library/CoreServices/RawCamera.bundle/Contents/MacOS/RawCamera
0x00007fff581c3000 	/System/Library/PrivateFrameworks/MobileAsset.framework/Versions/A/MobileAsset
0x00007fff5fdcb000 	/System/Library/PrivateFrameworks/StreamingZip.framework/Versions/A/StreamingZip
0x00007fff3d247000 	/System/Library/Frameworks/MediaToolbox.framework/Versions/A/MediaToolbox
0x00007fff4c81a000 	/System/Library/PrivateFrameworks/CoreAVCHD.framework/Versions/A/CoreAVCHD
0x00007fff3d183000 	/System/Library/Frameworks/MediaAccessibility.framework/Versions/A/MediaAccessibility
0x00007fff57bf6000 	/System/Library/PrivateFrameworks/Mangrove.framework/Versions/A/Mangrove
0x00007fff39e18000 	/System/Library/Frameworks/CoreMedia.framework/Versions/A/CoreMedia
0x00007fff45199000 	/System/Library/Frameworks/VideoToolbox.framework/Versions/A/VideoToolbox
0x00007fff4c442000 	/System/Library/PrivateFrameworks/CoreAUC.framework/Versions/A/CoreAUC
0x00007fff65607000 	/usr/lib/libspindump.dylib
0x00007fff49a67000 	/System/Library/PrivateFrameworks/AppleVA.framework/Versions/A/AppleVA
0x00007fff34ff4000 	/System/Library/Frameworks/Accelerate.framework/Versions/A/Frameworks/vImage.framework/Versions/A/Libraries/libCGInterfaces.dylib
0x00007fff4f7b8000 	/System/Library/PrivateFrameworks/FamilyControls.framework/Versions/A/FamilyControls
0x00007fff4bf7c000 	/System/Library/PrivateFrameworks/CommerceKit.framework/Versions/A/Frameworks/CommerceCore.framework/Versions/A/CommerceCore
0x00007fff60830000 	/System/Library/PrivateFrameworks/SystemAdministration.framework/Versions/A/SystemAdministration
0x00007fff49175000 	/System/Library/PrivateFrameworks/AppContainer.framework/Versions/A/AppContainer
0x00007fff49192000 	/System/Library/PrivateFrameworks/AppSandbox.framework/Versions/A/AppSandbox
0x00007fff5dc21000 	/System/Library/PrivateFrameworks/SecCodeWrapper.framework/Versions/A/SecCodeWrapper
0x00007fff655b7000 	/usr/lib/libsandbox.1.dylib
0x00007fff63070000 	/usr/lib/libMatch.1.dylib
0x00007fff4e547000 	/System/Library/PrivateFrameworks/DiskManagement.framework/Versions/A/DiskManagement
0x00007fff3ad85000 	/System/Library/Frameworks/DirectoryService.framework/Versions/A/DirectoryService
0x00007fff4e474000 	/System/Library/PrivateFrameworks/DiskImages.framework/Versions/A/DiskImages
0x00007fff57492000 	/System/Library/PrivateFrameworks/LoginUIKit.framework/Versions/A/Frameworks/LoginUICore.framework/Versions/A/LoginUICore
0x00007fff62dc4000 	/usr/lib/libCoreStorage.dylib
0x00007fff63e1f000 	/usr/lib/libcsfde.dylib
0x00007fff65434000 	/usr/lib/libodfde.dylib
0x00007fff57d17000 	/System/Library/PrivateFrameworks/MediaKit.framework/Versions/A/MediaKit
0x00007fff3ad91000 	/System/Library/Frameworks/DiscRecording.framework/Versions/A/DiscRecording
0x00007fff4e6b1000 	/System/Library/PrivateFrameworks/EFILogin.framework/Versions/A/EFILogin
0x00007fff5c09b000 	/System/Library/PrivateFrameworks/ProtectedCloudStorage.framework/Versions/A/ProtectedCloudStorage
0x00007fff63eb3000 	/usr/lib/libcurl.4.dylib
0x00007fff63c86000 	/usr/lib/libcrypto.42.dylib
0x00007fff658e3000 	/usr/lib/libssl.44.dylib
0x00007fff3cec7000 	/System/Library/Frameworks/LDAP.framework/Versions/A/LDAP
0x00007fff655f4000 	/usr/lib/libsasl2.2.dylib
0x00007fff4ca78000 	/System/Library/PrivateFrameworks/CoreDaemon.framework/Versions/B/CoreDaemon
0x00007fff4996f000 	/System/Library/PrivateFrameworks/AppleSRP.framework/Versions/A/AppleSRP
0x00007fff61d89000 	/System/Library/PrivateFrameworks/ViewBridge.framework/Versions/A/ViewBridge
0x000000011d5c0000 	/private/var/folders/hr/hccf72zd4pl25jt6n7hm57k00000gn/T/libJNativeHook-2.1.0.x86_64.dylib
0x00007fff37f86000 	/System/Library/Frameworks/Carbon.framework/Versions/A/Carbon
0x00007fff37f87000 	/System/Library/Frameworks/Carbon.framework/Versions/A/Frameworks/CommonPanels.framework/Versions/A/CommonPanels
0x00007fff38293000 	/System/Library/Frameworks/Carbon.framework/Versions/A/Frameworks/Help.framework/Versions/A/Help
0x00007fff38297000 	/System/Library/Frameworks/Carbon.framework/Versions/A/Frameworks/ImageCapture.framework/Versions/A/ImageCapture
0x00007fff38332000 	/System/Library/Frameworks/Carbon.framework/Versions/A/Frameworks/OpenScripting.framework/Versions/A/OpenScripting
0x00007fff3836d000 	/System/Library/Frameworks/Carbon.framework/Versions/A/Frameworks/Print.framework/Versions/A/Print
0x00007fff3836f000 	/System/Library/Frameworks/Carbon.framework/Versions/A/Frameworks/SecurityHI.framework/Versions/A/SecurityHI
0x000000011d5d4000 	/Library/Java/JavaVirtualMachines/jdk1.8.0_181.jdk/Contents/Home/jre/lib/libawt.dylib
0x000000011d67e000 	/Library/Java/JavaVirtualMachines/jdk1.8.0_181.jdk/Contents/Home/jre/lib/./libmlib_image.dylib
0x00007fff3ce96000 	/System/Library/Frameworks/JavaVM.framework/Versions/A/Frameworks/JavaNativeFoundation.framework/Versions/A/JavaNativeFoundation
0x00007fff3ce9f000 	/System/Library/Frameworks/JavaVM.framework/Versions/A/Frameworks/JavaRuntimeSupport.framework/Versions/A/JavaRuntimeSupport
0x00007fff3cea8000 	/System/Library/Frameworks/JavaVM.framework/Versions/A/JavaVM
0x00007fff5713c000 	/System/Library/PrivateFrameworks/JavaLaunching.framework/Versions/A/JavaLaunching
0x000000011d74a000 	/Library/Java/JavaVirtualMachines/jdk1.8.0_181.jdk/Contents/Home/jre/lib/libawt_lwawt.dylib
0x000000011d804000 	/Library/Java/JavaVirtualMachines/jdk1.8.0_181.jdk/Contents/Home/jre/lib/./libosxapp.dylib
0x00007fff3b018000 	/System/Library/Frameworks/ExceptionHandling.framework/Versions/A/ExceptionHandling
0x000000011d820000 	/Library/Java/JavaVirtualMachines/jdk1.8.0_181.jdk/Contents/Home/jre/lib/libfontmanager.dylib
0x000000011d8ad000 	/Library/Java/JavaVirtualMachines/jdk1.8.0_181.jdk/Contents/Home/jre/lib/libjavafx_font.dylib
0x000000011dac1000 	/Library/Java/JavaVirtualMachines/jdk1.8.0_181.jdk/Contents/Home/jre/lib/libnio.dylib
0x000000011dad1000 	/Library/Java/JavaVirtualMachines/jdk1.8.0_181.jdk/Contents/Home/jre/lib/./libnet.dylib
0x000000011db30000 	/Library/Java/JavaVirtualMachines/jdk1.8.0_181.jdk/Contents/Home/jre/lib/libsunec.dylib
0x00007fff37378000 	/System/Library/Frameworks/ApplicationServices.framework/Versions/A/Frameworks/ATS.framework/Versions/A/Resources/libTrueTypeScaler.dylib
0x000000011e1f7000 	/usr/lib/libobjc-trampolines.dylib
0x00007fff2f6d0000 	/System/Library/Extensions/AppleIntelBDWGraphicsMTLDriver.bundle/Contents/MacOS/AppleIntelBDWGraphicsMTLDriver
0x00007fff530d0000 	/System/Library/PrivateFrameworks/GPUCompiler.framework/Versions/3902/Libraries/libmetal_timestamp.dylib
0x000000012140a000 	/Library/Java/JavaVirtualMachines/jdk1.8.0_181.jdk/Contents/Home/jre/lib/libjfxwebkit.dylib

VM Arguments:
jvm_args: -Dfile.encoding=UTF-8 -Duser.country=NL -Duser.language=en -Duser.variant 
java_command: App
java_class_path (initial): /Users/max/Apps/cblistener/build/classes/java/main:/Users/max/Apps/cblistener/build/resources/main:/Users/max/.gradle/caches/modules-2/files-2.1/com.google.guava/guava/23.0/c947004bb13d18182be60077ade044099e4f26f1/guava-23.0.jar:/Users/max/.gradle/caches/modules-2/files-2.1/com.1stleg/jnativehook/2.1.0/49e72ddee45ca9cf332c50b4c716781ac0df07fd/jnativehook-2.1.0.jar:/Users/max/.gradle/caches/modules-2/files-2.1/org.json/json/20180813/8566b2b0391d9d4479ea225645c6ed47ef17fe41/json-20180813.jar:/Users/max/.gradle/caches/modules-2/files-2.1/com.google.code.findbugs/jsr305/1.3.9/40719ea6961c0cb6afaeb6a921eaa1f6afd4cfdf/jsr305-1.3.9.jar:/Users/max/.gradle/caches/modules-2/files-2.1/com.google.errorprone/error_prone_annotations/2.0.18/5f65affce1684999e2f4024983835efc3504012e/error_prone_annotations-2.0.18.jar:/Users/max/.gradle/caches/modules-2/files-2.1/com.google.j2objc/j2objc-annotations/1.1/976d8d30bebc251db406f2bdb3eb01962b5685b3/j2objc-annotations-1.1.jar:/Users/max/.gradle/caches/modules-2/files-2.1/org.codehaus.mojo/animal-sniffer-annotations/1.14/775b7e22fb10026eed3f86e8dc556dfafe35f2d5/animal-sniffer-annotations-1.14.jar
Launcher Type: SUN_STANDARD

Environment Variables:
JAVA_HOME=/Library/Java/JavaVirtualMachines/jdk1.8.0_181.jdk/Contents/Home
PATH=/usr/local/sbin:/usr/local/bin:/usr/bin:/bin:/usr/sbin:/sbin:~/.composer/vendor/bin:/usr/local/bin/composer:/Users/max/.composer/vendor/bin:/usr/local/go/bin:/Users/max/go/bin
SHELL=/bin/zsh

Signal Handlers:
SIGSEGV: [libjvm.dylib+0x5b6029], sa_mask[0]=11111111011111110111111111111111, sa_flags=SA_ONSTACK|SA_RESTART|SA_SIGINFO
SIGBUS: [libjvm.dylib+0x5b6029], sa_mask[0]=11111111011111110111111111111111, sa_flags=SA_RESTART|SA_SIGINFO
SIGFPE: [libjvm.dylib+0x48b934], sa_mask[0]=11111111011111110111111111111111, sa_flags=SA_RESTART|SA_SIGINFO
SIGPIPE: [libjvm.dylib+0x48b934], sa_mask[0]=11111111011111110111111111111111, sa_flags=SA_RESTART|SA_SIGINFO
SIGXFSZ: [libjvm.dylib+0x48b934], sa_mask[0]=11111111011111110111111111111111, sa_flags=SA_RESTART|SA_SIGINFO
SIGILL: [libjvm.dylib+0x48b934], sa_mask[0]=11111111011111110111111111111111, sa_flags=SA_RESTART|SA_SIGINFO
SIGUSR1: SIG_DFL, sa_mask[0]=00000000000000000000000000000000, sa_flags=SA_RESTART
SIGUSR2: [libjvm.dylib+0x48b452], sa_mask[0]=00100000000000000000000000000000, sa_flags=SA_RESTART|SA_SIGINFO
SIGHUP: [libjvm.dylib+0x489a1d], sa_mask[0]=11111111011111110111111111111111, sa_flags=SA_RESTART|SA_SIGINFO
SIGINT: [libjvm.dylib+0x489a1d], sa_mask[0]=11111111011111110111111111111111, sa_flags=SA_RESTART|SA_SIGINFO
SIGTERM: [libjvm.dylib+0x489a1d], sa_mask[0]=11111111011111110111111111111111, sa_flags=SA_RESTART|SA_SIGINFO
SIGQUIT: [libjvm.dylib+0x489a1d], sa_mask[0]=11111111011111110111111111111111, sa_flags=SA_RESTART|SA_SIGINFO


---------------  S Y S T E M  ---------------

OS:Bsduname:Darwin 18.0.0 Darwin Kernel Version 18.0.0: Wed Aug 22 20:13:40 PDT 2018; root:xnu-4903.201.2~1/RELEASE_X86_64 x86_64
rlimit: STACK 8192k, CORE 0k, NPROC 709, NOFILE 10240, AS infinity
load average:2.70 3.71 4.66

CPU:total 4 (initial active 4) (2 cores per cpu, 2 threads per core) family 6 model 61 stepping 4, cmov, cx8, fxsr, mmx, sse, sse2, sse3, ssse3, sse4.1, sse4.2, popcnt, avx, avx2, aes, clmul, erms, 3dnowpref, lzcnt, ht, tsc, tscinvbit, bmi1, bmi2, adx

Memory: 4k page, physical 8388608k(323880k free)

/proc/meminfo:


vm_info: Java HotSpot(TM) 64-Bit Server VM (25.181-b13) for bsd-amd64 JRE (1.8.0_181-b13), built on Jul  7 2018 01:02:31 by "java_re" with gcc 4.2.1 (Based on Apple Inc. build 5658) (LLVM build 2336.11.00)

time: Fri Nov  9 10:00:41 2018
elapsed time: 1783 seconds (0d 0h 29m 43s)

