#
# A fatal error has been detected by the Java Runtime Environment:
#
#  SIGSEGV (0xb) at pc=0x00007fff659f511b, pid=30375, tid=775
#
# JRE version: Java(TM) SE Runtime Environment (11.0.1+13) (build 11.0.1+13-LTS)
# Java VM: Java HotSpot(TM) 64-Bit Server VM (11.0.1+13-LTS, mixed mode, tiered, compressed oops, g1 gc, bsd-amd64)
# Problematic frame:
# C  [libsystem_pthread.dylib+0x111b]  pthread_mutex_lock+0x0
#
# No core dump will be written. Core dumps have been disabled. To enable core dumping, try "ulimit -c unlimited" before starting Java again
#
# If you would like to submit a bug report, please visit:
#   http://bugreport.java.com/bugreport/crash.jsp
# The crash happened outside the Java Virtual Machine in native code.
# See problematic frame for where to report the bug.
#

---------------  S U M M A R Y ------------

Command Line: --add-modules=javafx.base,javafx.controls,javafx.fxml,javafx.graphics,javafx.swing,javafx.web --module-path=/Users/max/Apps/CopySave/build/classes/java/main:/Users/max/Apps/CopySave/build/resources/main:/Users/max/Apps/CopySave/libs/jnativehook.jar:/Users/max/.gradle/caches/modules-2/files-2.1/org.json/json/20180813/8566b2b0391d9d4479ea225645c6ed47ef17fe41/json-20180813.jar:/Users/max/.gradle/caches/modules-2/files-2.1/org.openjfx/javafx-web/11.0.1/467ccc809a90d3a4f838fd7acd375a45793d617d/javafx-web-11.0.1-mac.jar:/Users/max/.gradle/caches/modules-2/files-2.1/org.openjfx/javafx-fxml/11.0.1/352a51a0f0cb13cf83a081b5dd5526acd4fbab30/javafx-fxml-11.0.1-mac.jar:/Users/max/.gradle/caches/modules-2/files-2.1/org.openjfx/javafx-controls/11.0.1/538fd08a4ecd76788766a69c19e90b4cc0179f8/javafx-controls-11.0.1-mac.jar:/Users/max/.gradle/caches/modules-2/files-2.1/org.openjfx/javafx-controls/11.0.1/61cf91bf3494d0616216f49c9e1d183d170adf0a/javafx-controls-11.0.1.jar:/Users/max/.gradle/caches/modules-2/files-2.1/org.openjfx/javafx-swing/11.0.1/42343072404028a9caf8dbc9a14df82138cd9aea/javafx-swing-11.0.1-mac.jar:/Users/max/.gradle/caches/modules-2/files-2.1/org.openjfx/javafx-media/11.0.1/bc699ffbb3f3b7862ad4399e8696809eda796d60/javafx-media-11.0.1-mac.jar:/Users/max/.gradle/caches/modules-2/files-2.1/org.openjfx/javafx-media/11.0.1/fd095047b7d06f6c7b16afe8cf9dffccab5d4494/javafx-media-11.0.1.jar:/Users/max/.gradle/caches/modules-2/files-2.1/org.openjfx/javafx-graphics/11.0.1/3c5014c500e6d308eca4ac9f952d4f7e7e8dfc7e/javafx-graphics-11.0.1-mac.jar:/Users/max/.gradle/caches/modules-2/files-2.1/org.openjfx/javafx-graphics/11.0.1/e062cb01783effc6413abbd94d1838f6b0add209/javafx-graphics-11.0.1.jar:/Users/max/.gradle/caches/modules-2/files-2.1/org.openjfx/javafx-base/11.0.1/2b9ca67aea06b0ea7aa0e740498fc97c822b307e/javafx-base-11.0.1-mac.jar:/Users/max/.gradle/caches/modules-2/files-2.1/org.openjfx/javafx-base/11.0.1/f1354a284f4151d20358e776f6ff68ee35bbb96d/javafx-base-11.0.1.jar --patch-module=CopySave=/Users/max/Apps/CopySave/build/resources/main -Djdk.module.main=CopySave CopySave/com.CopySave.MainFx -Dfile.encoding=UTF-8 -Duser.country=NL -Duser.language=en -Duser.variant -cp /Users/max/Apps/CopySave/build/classes/java/main:/Users/max/Apps/CopySave/build/resources/main:/Users/max/Apps/CopySave/libs/jnativehook.jar:/Users/max/.gradle/caches/modules-2/files-2.1/org.json/json/20180813/8566b2b0391d9d4479ea225645c6ed47ef17fe41/json-20180813.jar:/Users/max/.gradle/caches/modules-2/files-2.1/org.openjfx/javafx-web/11.0.1/467ccc809a90d3a4f838fd7acd375a45793d617d/javafx-web-11.0.1-mac.jar:/Users/max/.gradle/caches/modules-2/files-2.1/org.openjfx/javafx-fxml/11.0.1/352a51a0f0cb13cf83a081b5dd5526acd4fbab30/javafx-fxml-11.0.1-mac.jar:/Users/max/.gradle/caches/modules-2/files-2.1/org.openjfx/javafx-controls/11.0.1/538fd08a4ecd76788766a69c19e90b4cc0179f8/javafx-controls-11.0.1-mac.jar:/Users/max/.gradle/caches/modules-2/files-2.1/org.openjfx/javafx-controls/11.0.1/61cf91bf3494d0616216f49c9e1d183d170adf0a/javafx-controls-11.0.1.jar:/Users/max/.gradle/caches/modules-2/files-2.1/org.openjfx/javafx-swing/11.0.1/42343072404028a9caf8dbc9a14df82138cd9aea/javafx-swing-11.0.1-mac.jar:/Users/max/.gradle/caches/modules-2/files-2.1/org.openjfx/javafx-media/11.0.1/bc699ffbb3f3b7862ad4399e8696809eda796d60/javafx-media-11.0.1-mac.jar:/Users/max/.gradle/caches/modules-2/files-2.1/org.openjfx/javafx-media/11.0.1/fd095047b7d06f6c7b16afe8cf9dffccab5d4494/javafx-media-11.0.1.jar:/Users/max/.gradle/caches/modules-2/files-2.1/org.openjfx/javafx-graphics/11.0.1/3c5014c500e6d308eca4ac9f952d4f7e7e8dfc7e/javafx-graphics-11.0.1-mac.jar:/Users/max/.gradle/caches/modules-2/files-2.1/org.openjfx/javafx-graphics/11.0.1/e062cb01783effc6413abbd94d1838f6b0add209/javafx-graphics-11.0.1.jar:/Users/max/.gradle/caches/modules-2/files-2.1/org.openjfx/javafx-base/11.0.1/2b9ca67aea06b0ea7aa0e740498fc97c822b307e/javafx-base-11.0.1-mac.jar:/Users/max/.gradle/caches/modules-2/files-2.1/org.openjfx/javafx-base/11.0.1/f1354a284f4151d20358e776f6ff68ee35bbb96d/javafx-base-11.0.1.jar CopySave/com.CopySave.MainFx

Host: MacBookPro12,1 x86_64 2700 MHz, 4 cores, 8G, Darwin 18.2.0
Time: Tue Jan 22 20:24:57 2019 CET elapsed time: 49 seconds (0d 0h 0m 49s)

---------------  T H R E A D  ---------------

Current thread (0x00007fb4caa3f000):  JavaThread "JavaFX Application Thread" [_thread_in_native, id=775, stack(0x00007ffee8006000,0x00007ffee8806000)]

Stack: [0x00007ffee8006000,0x00007ffee8806000],  sp=0x00007ffee87fecf8,  free space=8163k
Native frames: (J=compiled Java code, A=aot compiled Java code, j=interpreted, Vv=VM code, C=native code)
C  [libsystem_pthread.dylib+0x111b]  pthread_mutex_lock+0x0
C  [libJNativeHook-2.1.20180806.x86_64.dylib+0x61a2]  hook_stop+0x12
C  [libJNativeHook-2.1.20180806.x86_64.dylib+0x34e0]  Java_org_jnativehook_GlobalScreen_00024NativeHookThread_disable+0x10
j  org.jnativehook.GlobalScreen$NativeHookThread.disable()V+0 jnativehook
j  org.jnativehook.GlobalScreen.unregisterNativeHook()V+15 jnativehook
j  com.CopySave.keyboard.KeyboardApi.run()V+49 CopySave
j  com.CopySave.keyboard.KeyboardApi.<init>()V+46 CopySave
j  com.CopySave.controllers.ApplicationController.initKeyboard()V+12 CopySave
j  com.CopySave.controllers.ApplicationController.<init>()V+31 CopySave
j  com.CopySave.MainFx.start(Ljavafx/stage/Stage;)V+42 CopySave
j  com.sun.javafx.application.LauncherImpl.lambda$launchApplication1$9(Ljava/util/concurrent/atomic/AtomicBoolean;Ljavafx/application/Application;)V+20 javafx.graphics
j  com.sun.javafx.application.LauncherImpl$$Lambda$140.run()V+8 javafx.graphics
j  com.sun.javafx.application.PlatformImpl.lambda$runAndWait$12(Ljava/lang/Runnable;Ljava/util/concurrent/CountDownLatch;)V+1 javafx.graphics
j  com.sun.javafx.application.PlatformImpl$$Lambda$127.run()V+8 javafx.graphics
j  com.sun.javafx.application.PlatformImpl.lambda$runLater$10(Ljava/lang/Runnable;)Ljava/lang/Void;+1 javafx.graphics
j  com.sun.javafx.application.PlatformImpl$$Lambda$129.run()Ljava/lang/Object;+4 javafx.graphics
v  ~StubRoutines::call_stub
V  [libjvm.dylib+0x3a7512]  _ZN9JavaCalls11call_helperEP9JavaValueRK12methodHandleP17JavaCallArgumentsP6Thread+0x21a
V  [libjvm.dylib+0x421bc7]  JVM_DoPrivileged+0x6d2
j  java.security.AccessController.doPrivileged(Ljava/security/PrivilegedAction;Ljava/security/AccessControlContext;)Ljava/lang/Object;+0 java.base@11.0.1
j  com.sun.javafx.application.PlatformImpl.lambda$runLater$11(Ljava/lang/Runnable;Ljava/security/AccessControlContext;)V+7 javafx.graphics
j  com.sun.javafx.application.PlatformImpl$$Lambda$128.run()V+8 javafx.graphics
j  com.sun.glass.ui.InvokeLaterDispatcher$Future.run()V+4 javafx.graphics
v  ~StubRoutines::call_stub
V  [libjvm.dylib+0x3a7512]  _ZN9JavaCalls11call_helperEP9JavaValueRK12methodHandleP17JavaCallArgumentsP6Thread+0x21a
V  [libjvm.dylib+0x3e2502]  _ZL20jni_invoke_nonstaticP7JNIEnv_P9JavaValueP8_jobject11JNICallTypeP10_jmethodIDP18JNI_ArgumentPusherP6Thread+0x274
V  [libjvm.dylib+0x3e6b2d]  jni_CallVoidMethod+0x1d5
C  [libglass.dylib+0x879c]  -[GlassRunnable run]+0x6c
C  [Foundation+0xb1bab]  __NSThreadPerformPerform+0x147
C  [CoreFoundation+0x58475]  __CFRUNLOOP_IS_CALLING_OUT_TO_A_SOURCE0_PERFORM_FUNCTION__+0x11
C  [CoreFoundation+0x5841b]  __CFRunLoopDoSource0+0x6c
C  [CoreFoundation+0x3beb5]  __CFRunLoopDoSources0+0xc3
C  [CoreFoundation+0x3b45e]  __CFRunLoopRun+0x4c3
C  [CoreFoundation+0x3ad48]  CFRunLoopRunSpecific+0x1cf
C  [HIToolbox+0xaab5]  RunCurrentEventLoopInMode+0x125
C  [HIToolbox+0xa7eb]  ReceiveNextEventCommon+0x26a
C  [HIToolbox+0xa568]  _BlockUntilNextEventMatchingListInModeWithFilter+0x40
C  [AppKit+0x1b363]  _DPSNextEvent+0x3e5
C  [AppKit+0x1a102]  -[NSApplication(NSEvent) _nextEventMatchingEventMask:untilDate:inMode:dequeue:]+0x552
C  [AppKit+0x14165]  -[NSApplication run]+0x2bb
C  [libglass.dylib+0xa80c]  -[GlassApplication runLoop:]+0x78c
C  [Foundation+0xb1bab]  __NSThreadPerformPerform+0x147
C  [CoreFoundation+0x58475]  __CFRUNLOOP_IS_CALLING_OUT_TO_A_SOURCE0_PERFORM_FUNCTION__+0x11
C  [CoreFoundation+0x5841b]  __CFRunLoopDoSource0+0x6c
C  [CoreFoundation+0x3beb5]  __CFRunLoopDoSources0+0xc3
C  [CoreFoundation+0x3b45e]  __CFRunLoopRun+0x4c3
C  [CoreFoundation+0x3ad48]  CFRunLoopRunSpecific+0x1cf
C  [java+0x63a5]  CreateExecutionEnvironment+0x190
C  [java+0x2523]  JLI_Launch+0x51f
C  [java+0x14dd]  main+0x16d
C  [libdyld.dylib+0x16ed9]  start+0x1

Java frames: (J=compiled Java code, j=interpreted, Vv=VM code)
j  org.jnativehook.GlobalScreen$NativeHookThread.disable()V+0 jnativehook
j  org.jnativehook.GlobalScreen.unregisterNativeHook()V+15 jnativehook
j  com.CopySave.keyboard.KeyboardApi.run()V+49 CopySave
j  com.CopySave.keyboard.KeyboardApi.<init>()V+46 CopySave
j  com.CopySave.controllers.ApplicationController.initKeyboard()V+12 CopySave
j  com.CopySave.controllers.ApplicationController.<init>()V+31 CopySave
j  com.CopySave.MainFx.start(Ljavafx/stage/Stage;)V+42 CopySave
j  com.sun.javafx.application.LauncherImpl.lambda$launchApplication1$9(Ljava/util/concurrent/atomic/AtomicBoolean;Ljavafx/application/Application;)V+20 javafx.graphics
j  com.sun.javafx.application.LauncherImpl$$Lambda$140.run()V+8 javafx.graphics
j  com.sun.javafx.application.PlatformImpl.lambda$runAndWait$12(Ljava/lang/Runnable;Ljava/util/concurrent/CountDownLatch;)V+1 javafx.graphics
j  com.sun.javafx.application.PlatformImpl$$Lambda$127.run()V+8 javafx.graphics
j  com.sun.javafx.application.PlatformImpl.lambda$runLater$10(Ljava/lang/Runnable;)Ljava/lang/Void;+1 javafx.graphics
j  com.sun.javafx.application.PlatformImpl$$Lambda$129.run()Ljava/lang/Object;+4 javafx.graphics
v  ~StubRoutines::call_stub
j  java.security.AccessController.doPrivileged(Ljava/security/PrivilegedAction;Ljava/security/AccessControlContext;)Ljava/lang/Object;+0 java.base@11.0.1
j  com.sun.javafx.application.PlatformImpl.lambda$runLater$11(Ljava/lang/Runnable;Ljava/security/AccessControlContext;)V+7 javafx.graphics
j  com.sun.javafx.application.PlatformImpl$$Lambda$128.run()V+8 javafx.graphics
j  com.sun.glass.ui.InvokeLaterDispatcher$Future.run()V+4 javafx.graphics
v  ~StubRoutines::call_stub

siginfo: si_signo: 11 (SIGSEGV), si_code: 1 (SEGV_MAPERR), si_addr: 0x0000000000000010

Register to memory mapping:

RAX=0x0 is NULL
RBX=0x0 is NULL
RCX=0x0000000000000001 is an unknown value
RDX=0x0000000000000003 is an unknown value
RSP=0x00007ffee87fecf8 is pointing into the stack for thread: 0x00007fb4caa3f000
RBP=0x00007ffee87fed10 is pointing into the stack for thread: 0x00007fb4caa3f000
RSI=0x00007ffee87fedd8 is pointing into the stack for thread: 0x00007fb4caa3f000
RDI=0x0000000000000010 is an unknown value
R8 ={method} {0x000000012cbe0cd8} 'disable' '()V' in 'org/jnativehook/GlobalScreen$NativeHookThread'
R9 =0x00007fb4c9d08ca0 points into unknown readable memory
R10=0x00007fb4c9f49950 points into unknown readable memory
R11=0x00007fff3862f885: CFRunLoopCopyCurrentMode+0 in /System/Library/Frameworks/CoreFoundation.framework/Versions/A/CoreFoundation at 0x00007fff38587000
R12=0x0 is NULL
R13=0x000000012cbe0cd0 is pointing into metadata
R14=0x0000000000000010 is an unknown value
R15=0x00007fb4caa3f000 is a thread


Registers:
RAX=0x0000000000000000, RBX=0x0000000000000000, RCX=0x0000000000000001, RDX=0x0000000000000003
RSP=0x00007ffee87fecf8, RBP=0x00007ffee87fed10, RSI=0x00007ffee87fedd8, RDI=0x0000000000000010
R8 =0x000000012cbe0cd8, R9 =0x00007fb4c9d08ca0, R10=0x00007fb4c9f49950, R11=0x00007fff3862f885
R12=0x0000000000000000, R13=0x000000012cbe0cd0, R14=0x0000000000000010, R15=0x00007fb4caa3f000
RIP=0x00007fff659f511b, EFLAGS=0x0000000000010246, ERR=0x0000000000000004
  TRAPNO=0x000000000000000e

Top of Stack: (sp=0x00007ffee87fecf8)
0x00007ffee87fecf8:   00007fff3862f8b2 00007fb4caa3f340
0x00007ffee87fed08:   00007ffee87fedd8 00007ffee87fed30
0x00007ffee87fed18:   00000001285841a2 0000000000000000
0x00007ffee87fed28:   00007fb4caa3f340 00007ffee87fed50
0x00007ffee87fed38:   00000001285814e0 00000001285814d0
0x00007ffee87fed48:   000000012cbe0cd8 00007ffee87fedb8
0x00007ffee87fed58:   0000000116ccc8b0 00007fb4caa3f000
0x00007ffee87fed68:   0000000116ccc5b6 00007ffee87fed70
0x00007ffee87fed78:   000000012cbe0cd0 00007ffee87fedd8
0x00007ffee87fed88:   000000012cbe0e20 0000000000000000
0x00007ffee87fed98:   00000007476795b8 000000012cbe0cd8
0x00007ffee87feda8:   0000000000000000 00007ffee87fedd8
0x00007ffee87fedb8:   00007ffee87fee38 0000000116cc6c43
0x00007ffee87fedc8:   0000000000000000 0000000116cc9838
0x00007ffee87fedd8:   00000007476a6558 0000000000000003
0x00007ffee87fede8:   00000007476a6558 00007ffee87fede0
0x00007ffee87fedf8:   000000012cb8b69f 00007ffee87fee58
0x00007ffee87fee08:   000000012cb8bc10 0000000000000000
0x00007ffee87fee18:   00000007476278b0 000000012cb8b6f0
0x00007ffee87fee28:   00007ffee87fedd8 00007ffee87fee60
0x00007ffee87fee38:   00007ffee87feea8 0000000116cc6c43
0x00007ffee87fee48:   0000000000000000 0000000000000000
0x00007ffee87fee58:   00000007476a6558 00007ffee87fee60
0x00007ffee87fee68:   000000012cb88471 00007ffee87feec8
0x00007ffee87fee78:   000000012cb89680 0000000000000000
0x00007ffee87fee88:   000000074761ed68 000000012cb88510
0x00007ffee87fee98:   00007ffee87fee60 00007ffee87feec8
0x00007ffee87feea8:   00007ffee87fef18 0000000116cc6c43
0x00007ffee87feeb8:   0000000000000000 00000007468fd398
0x00007ffee87feec8:   00000007476225b0 00007ffee87feed0
0x00007ffee87feed8:   000000012cb8838e 00007ffee87fef28
0x00007ffee87feee8:   000000012cb89680 0000000000000000 

Instructions: (pc=0x00007fff659f511b)
0x00007fff659f50fb:   94 c1 bb 02 00 00 00 29 cb 3b 1d ce 01 c1 32 74
0x00007fff659f510b:   06 89 1d c6 01 c1 32 48 83 c4 08 5b 5d c3 90 90
0x00007fff659f511b:   48 81 3f 5a 54 55 4d 75 6f b8 c0 01 00 00 23 47
0x00007fff659f512b:   0c 83 f8 40 74 69 48 8d 57 27 48 83 e2 f8 48 8b 


---------------  P R O C E S S  ---------------

Threads class SMR info:
_java_thread_list=0x00007fb4c9ef56a0, length=16, elements={
0x00007fb4cb008800, 0x00007fb4ca871000, 0x00007fb4cb084000, 0x00007fb4ca861800,
0x00007fb4ca864800, 0x00007fb4cb09b800, 0x00007fb4cb09a800, 0x00007fb4ca007000,
0x00007fb4ca0f4800, 0x00007fb4cb874000, 0x00007fb4caabe800, 0x00007fb4caa3f000,
0x00007fb4cab16800, 0x00007fb4cab19000, 0x00007fb4cab20000, 0x00007fb4cab47000
}

Java Threads: ( => current thread )
  0x00007fb4cb008800 JavaThread "main" [_thread_blocked, id=9731, stack(0x000070000deaa000,0x000070000dfaa000)]
  0x00007fb4ca871000 JavaThread "Reference Handler" daemon [_thread_blocked, id=14083, stack(0x000070000e5bf000,0x000070000e6bf000)]
  0x00007fb4cb084000 JavaThread "Finalizer" daemon [_thread_blocked, id=14595, stack(0x000070000e6c2000,0x000070000e7c2000)]
  0x00007fb4ca861800 JavaThread "Signal Dispatcher" daemon [_thread_blocked, id=16131, stack(0x000070000e7c5000,0x000070000e8c5000)]
  0x00007fb4ca864800 JavaThread "C2 CompilerThread0" daemon [_thread_blocked, id=17411, stack(0x000070000e8c8000,0x000070000e9c8000)]
  0x00007fb4cb09b800 JavaThread "C1 CompilerThread0" daemon [_thread_blocked, id=16643, stack(0x000070000e9cb000,0x000070000eacb000)]
  0x00007fb4cb09a800 JavaThread "Sweeper thread" daemon [_thread_blocked, id=43267, stack(0x000070000eace000,0x000070000ebce000)]
  0x00007fb4ca007000 JavaThread "Common-Cleaner" daemon [_thread_blocked, id=22787, stack(0x000070000ebd1000,0x000070000ecd1000)]
  0x00007fb4ca0f4800 JavaThread "Service Thread" daemon [_thread_blocked, id=42243, stack(0x000070000edd7000,0x000070000eed7000)]
  0x00007fb4cb874000 JavaThread "QuantumRenderer-0" daemon [_thread_blocked, id=41987, stack(0x000070000efdd000,0x000070000f0dd000)]
  0x00007fb4caabe800 JavaThread "InvokeLaterDispatcher" daemon [_thread_blocked, id=29187, stack(0x000070000f2e6000,0x000070000f3e6000)]
=>0x00007fb4caa3f000 JavaThread "JavaFX Application Thread" [_thread_in_native, id=775, stack(0x00007ffee8006000,0x00007ffee8806000)]
  0x00007fb4cab16800 JavaThread "Thread-2" daemon [_thread_in_native, id=85763, stack(0x000070000f4ef000,0x000070000f56f000)]
  0x00007fb4cab19000 JavaThread "JavaFX-Launcher" [_thread_blocked, id=51203, stack(0x000070000f5f5000,0x000070000f6f5000)]
  0x00007fb4cab20000 JavaThread "Timer-0" daemon [_thread_blocked, id=76803, stack(0x000070000f6f8000,0x000070000f7f8000)]
  0x00007fb4cab47000 JavaThread "JNativeHook Hook Thread" [_thread_blocked, id=23371, stack(0x000070000ecd4000,0x000070000edd4000)]

Other Threads:
  0x00007fb4cb807000 VMThread "VM Thread" [stack: 0x000070000e4bc000,0x000070000e5bc000] [id=19459]
  0x00007fb4cb007800 WatcherThread [stack: 0x000070000eeda000,0x000070000efda000] [id=23811]
  0x00007fb4cb804000 GCTaskThread "GC Thread#0" [stack: 0x000070000dfad000,0x000070000e0ad000] [id=20995]
  0x00007fb4ca045000 GCTaskThread "GC Thread#1" [stack: 0x000070000f0e0000,0x000070000f1e0000] [id=24579]
  0x00007fb4caa1e000 GCTaskThread "GC Thread#2" [stack: 0x000070000f1e3000,0x000070000f2e3000] [id=25091]
  0x00007fb4cb041000 ConcurrentGCThread "G1 Main Marker" [stack: 0x000070000e0b0000,0x000070000e1b0000] [id=12547]
  0x00007fb4cb042000 ConcurrentGCThread "G1 Conc#0" [stack: 0x000070000e1b3000,0x000070000e2b3000] [id=20227]
  0x00007fb4ca84a000 ConcurrentGCThread "G1 Refine#0" [stack: 0x000070000e2b6000,0x000070000e3b6000] [id=13315]
  0x00007fb4ca84a800 ConcurrentGCThread "G1 Young RemSet Sampling" [stack: 0x000070000e3b9000,0x000070000e4b9000] [id=19715]

Threads with active compile tasks:

VM state:not at safepoint (normal execution)

VM Mutex/Monitor currently owned by a thread: None

Heap address: 0x0000000740000000, size: 2048 MB, Compressed Oops mode: Zero based, Oop shift amount: 3
Narrow klass base: 0x0000000000000000, Narrow klass shift: 3
Compressed class space size: 1073741824 Address: 0x00000007c0000000

Heap:
 garbage-first heap   total 131072K, used 22367K [0x0000000740000000, 0x00000007c0000000)
  region size 1024K, 24 young (24576K), 2 survivors (2048K)
 Metaspace       used 12349K, capacity 12714K, committed 13056K, reserved 1060864K
  class space    used 1325K, capacity 1482K, committed 1536K, reserved 1048576K
Heap Regions: E=young(eden), S=young(survivor), O=old, HS=humongous(starts), HC=humongous(continues), CS=collection set, F=free, A=archive, TAMS=top-at-mark-start (previous, next)
|   0|0x0000000740000000, 0x0000000740000000, 0x0000000740100000|  0%| F|  |TAMS 0x0000000740000000, 0x0000000740000000| Untracked 
|   1|0x0000000740100000, 0x0000000740100000, 0x0000000740200000|  0%| F|  |TAMS 0x0000000740100000, 0x0000000740100000| Untracked 
|   2|0x0000000740200000, 0x0000000740200000, 0x0000000740300000|  0%| F|  |TAMS 0x0000000740200000, 0x0000000740200000| Untracked 
|   3|0x0000000740300000, 0x0000000740300000, 0x0000000740400000|  0%| F|  |TAMS 0x0000000740300000, 0x0000000740300000| Untracked 
|   4|0x0000000740400000, 0x0000000740400000, 0x0000000740500000|  0%| F|  |TAMS 0x0000000740400000, 0x0000000740400000| Untracked 
|   5|0x0000000740500000, 0x0000000740500000, 0x0000000740600000|  0%| F|  |TAMS 0x0000000740500000, 0x0000000740500000| Untracked 
|   6|0x0000000740600000, 0x0000000740600000, 0x0000000740700000|  0%| F|  |TAMS 0x0000000740600000, 0x0000000740600000| Untracked 
|   7|0x0000000740700000, 0x0000000740700000, 0x0000000740800000|  0%| F|  |TAMS 0x0000000740700000, 0x0000000740700000| Untracked 
|   8|0x0000000740800000, 0x0000000740800000, 0x0000000740900000|  0%| F|  |TAMS 0x0000000740800000, 0x0000000740800000| Untracked 
|   9|0x0000000740900000, 0x0000000740900000, 0x0000000740a00000|  0%| F|  |TAMS 0x0000000740900000, 0x0000000740900000| Untracked 
|  10|0x0000000740a00000, 0x0000000740a00000, 0x0000000740b00000|  0%| F|  |TAMS 0x0000000740a00000, 0x0000000740a00000| Untracked 
|  11|0x0000000740b00000, 0x0000000740b00000, 0x0000000740c00000|  0%| F|  |TAMS 0x0000000740b00000, 0x0000000740b00000| Untracked 
|  12|0x0000000740c00000, 0x0000000740c00000, 0x0000000740d00000|  0%| F|  |TAMS 0x0000000740c00000, 0x0000000740c00000| Untracked 
|  13|0x0000000740d00000, 0x0000000740d00000, 0x0000000740e00000|  0%| F|  |TAMS 0x0000000740d00000, 0x0000000740d00000| Untracked 
|  14|0x0000000740e00000, 0x0000000740e00000, 0x0000000740f00000|  0%| F|  |TAMS 0x0000000740e00000, 0x0000000740e00000| Untracked 
|  15|0x0000000740f00000, 0x0000000740f00000, 0x0000000741000000|  0%| F|  |TAMS 0x0000000740f00000, 0x0000000740f00000| Untracked 
|  16|0x0000000741000000, 0x0000000741000000, 0x0000000741100000|  0%| F|  |TAMS 0x0000000741000000, 0x0000000741000000| Untracked 
|  17|0x0000000741100000, 0x0000000741100000, 0x0000000741200000|  0%| F|  |TAMS 0x0000000741100000, 0x0000000741100000| Untracked 
|  18|0x0000000741200000, 0x0000000741200000, 0x0000000741300000|  0%| F|  |TAMS 0x0000000741200000, 0x0000000741200000| Untracked 
|  19|0x0000000741300000, 0x0000000741300000, 0x0000000741400000|  0%| F|  |TAMS 0x0000000741300000, 0x0000000741300000| Untracked 
|  20|0x0000000741400000, 0x0000000741400000, 0x0000000741500000|  0%| F|  |TAMS 0x0000000741400000, 0x0000000741400000| Untracked 
|  21|0x0000000741500000, 0x0000000741500000, 0x0000000741600000|  0%| F|  |TAMS 0x0000000741500000, 0x0000000741500000| Untracked 
|  22|0x0000000741600000, 0x0000000741600000, 0x0000000741700000|  0%| F|  |TAMS 0x0000000741600000, 0x0000000741600000| Untracked 
|  23|0x0000000741700000, 0x0000000741700000, 0x0000000741800000|  0%| F|  |TAMS 0x0000000741700000, 0x0000000741700000| Untracked 
|  24|0x0000000741800000, 0x0000000741800000, 0x0000000741900000|  0%| F|  |TAMS 0x0000000741800000, 0x0000000741800000| Untracked 
|  25|0x0000000741900000, 0x0000000741900000, 0x0000000741a00000|  0%| F|  |TAMS 0x0000000741900000, 0x0000000741900000| Untracked 
|  26|0x0000000741a00000, 0x0000000741a00000, 0x0000000741b00000|  0%| F|  |TAMS 0x0000000741a00000, 0x0000000741a00000| Untracked 
|  27|0x0000000741b00000, 0x0000000741b00000, 0x0000000741c00000|  0%| F|  |TAMS 0x0000000741b00000, 0x0000000741b00000| Untracked 
|  28|0x0000000741c00000, 0x0000000741c00000, 0x0000000741d00000|  0%| F|  |TAMS 0x0000000741c00000, 0x0000000741c00000| Untracked 
|  29|0x0000000741d00000, 0x0000000741d00000, 0x0000000741e00000|  0%| F|  |TAMS 0x0000000741d00000, 0x0000000741d00000| Untracked 
|  30|0x0000000741e00000, 0x0000000741e00000, 0x0000000741f00000|  0%| F|  |TAMS 0x0000000741e00000, 0x0000000741e00000| Untracked 
|  31|0x0000000741f00000, 0x0000000741f00000, 0x0000000742000000|  0%| F|  |TAMS 0x0000000741f00000, 0x0000000741f00000| Untracked 
|  32|0x0000000742000000, 0x0000000742000000, 0x0000000742100000|  0%| F|  |TAMS 0x0000000742000000, 0x0000000742000000| Untracked 
|  33|0x0000000742100000, 0x0000000742100000, 0x0000000742200000|  0%| F|  |TAMS 0x0000000742100000, 0x0000000742100000| Untracked 
|  34|0x0000000742200000, 0x0000000742200000, 0x0000000742300000|  0%| F|  |TAMS 0x0000000742200000, 0x0000000742200000| Untracked 
|  35|0x0000000742300000, 0x0000000742300000, 0x0000000742400000|  0%| F|  |TAMS 0x0000000742300000, 0x0000000742300000| Untracked 
|  36|0x0000000742400000, 0x0000000742400000, 0x0000000742500000|  0%| F|  |TAMS 0x0000000742400000, 0x0000000742400000| Untracked 
|  37|0x0000000742500000, 0x0000000742500000, 0x0000000742600000|  0%| F|  |TAMS 0x0000000742500000, 0x0000000742500000| Untracked 
|  38|0x0000000742600000, 0x0000000742600000, 0x0000000742700000|  0%| F|  |TAMS 0x0000000742600000, 0x0000000742600000| Untracked 
|  39|0x0000000742700000, 0x0000000742700000, 0x0000000742800000|  0%| F|  |TAMS 0x0000000742700000, 0x0000000742700000| Untracked 
|  40|0x0000000742800000, 0x0000000742800000, 0x0000000742900000|  0%| F|  |TAMS 0x0000000742800000, 0x0000000742800000| Untracked 
|  41|0x0000000742900000, 0x0000000742900000, 0x0000000742a00000|  0%| F|  |TAMS 0x0000000742900000, 0x0000000742900000| Untracked 
|  42|0x0000000742a00000, 0x0000000742a00000, 0x0000000742b00000|  0%| F|  |TAMS 0x0000000742a00000, 0x0000000742a00000| Untracked 
|  43|0x0000000742b00000, 0x0000000742b00000, 0x0000000742c00000|  0%| F|  |TAMS 0x0000000742b00000, 0x0000000742b00000| Untracked 
|  44|0x0000000742c00000, 0x0000000742c00000, 0x0000000742d00000|  0%| F|  |TAMS 0x0000000742c00000, 0x0000000742c00000| Untracked 
|  45|0x0000000742d00000, 0x0000000742d00000, 0x0000000742e00000|  0%| F|  |TAMS 0x0000000742d00000, 0x0000000742d00000| Untracked 
|  46|0x0000000742e00000, 0x0000000742e00000, 0x0000000742f00000|  0%| F|  |TAMS 0x0000000742e00000, 0x0000000742e00000| Untracked 
|  47|0x0000000742f00000, 0x0000000742f00000, 0x0000000743000000|  0%| F|  |TAMS 0x0000000742f00000, 0x0000000742f00000| Untracked 
|  48|0x0000000743000000, 0x0000000743000000, 0x0000000743100000|  0%| F|  |TAMS 0x0000000743000000, 0x0000000743000000| Untracked 
|  49|0x0000000743100000, 0x0000000743100000, 0x0000000743200000|  0%| F|  |TAMS 0x0000000743100000, 0x0000000743100000| Untracked 
|  50|0x0000000743200000, 0x0000000743200000, 0x0000000743300000|  0%| F|  |TAMS 0x0000000743200000, 0x0000000743200000| Untracked 
|  51|0x0000000743300000, 0x0000000743300000, 0x0000000743400000|  0%| F|  |TAMS 0x0000000743300000, 0x0000000743300000| Untracked 
|  52|0x0000000743400000, 0x0000000743400000, 0x0000000743500000|  0%| F|  |TAMS 0x0000000743400000, 0x0000000743400000| Untracked 
|  53|0x0000000743500000, 0x0000000743500000, 0x0000000743600000|  0%| F|  |TAMS 0x0000000743500000, 0x0000000743500000| Untracked 
|  54|0x0000000743600000, 0x0000000743600000, 0x0000000743700000|  0%| F|  |TAMS 0x0000000743600000, 0x0000000743600000| Untracked 
|  55|0x0000000743700000, 0x0000000743700000, 0x0000000743800000|  0%| F|  |TAMS 0x0000000743700000, 0x0000000743700000| Untracked 
|  56|0x0000000743800000, 0x0000000743800000, 0x0000000743900000|  0%| F|  |TAMS 0x0000000743800000, 0x0000000743800000| Untracked 
|  57|0x0000000743900000, 0x0000000743900000, 0x0000000743a00000|  0%| F|  |TAMS 0x0000000743900000, 0x0000000743900000| Untracked 
|  58|0x0000000743a00000, 0x0000000743a00000, 0x0000000743b00000|  0%| F|  |TAMS 0x0000000743a00000, 0x0000000743a00000| Untracked 
|  59|0x0000000743b00000, 0x0000000743b00000, 0x0000000743c00000|  0%| F|  |TAMS 0x0000000743b00000, 0x0000000743b00000| Untracked 
|  60|0x0000000743c00000, 0x0000000743c00000, 0x0000000743d00000|  0%| F|  |TAMS 0x0000000743c00000, 0x0000000743c00000| Untracked 
|  61|0x0000000743d00000, 0x0000000743d00000, 0x0000000743e00000|  0%| F|  |TAMS 0x0000000743d00000, 0x0000000743d00000| Untracked 
|  62|0x0000000743e00000, 0x0000000743e00000, 0x0000000743f00000|  0%| F|  |TAMS 0x0000000743e00000, 0x0000000743e00000| Untracked 
|  63|0x0000000743f00000, 0x0000000743f00000, 0x0000000744000000|  0%| F|  |TAMS 0x0000000743f00000, 0x0000000743f00000| Untracked 
|  64|0x0000000744000000, 0x0000000744000000, 0x0000000744100000|  0%| F|  |TAMS 0x0000000744000000, 0x0000000744000000| Untracked 
|  65|0x0000000744100000, 0x0000000744100000, 0x0000000744200000|  0%| F|  |TAMS 0x0000000744100000, 0x0000000744100000| Untracked 
|  66|0x0000000744200000, 0x0000000744200000, 0x0000000744300000|  0%| F|  |TAMS 0x0000000744200000, 0x0000000744200000| Untracked 
|  67|0x0000000744300000, 0x0000000744300000, 0x0000000744400000|  0%| F|  |TAMS 0x0000000744300000, 0x0000000744300000| Untracked 
|  68|0x0000000744400000, 0x0000000744400000, 0x0000000744500000|  0%| F|  |TAMS 0x0000000744400000, 0x0000000744400000| Untracked 
|  69|0x0000000744500000, 0x0000000744500000, 0x0000000744600000|  0%| F|  |TAMS 0x0000000744500000, 0x0000000744500000| Untracked 
|  70|0x0000000744600000, 0x0000000744600000, 0x0000000744700000|  0%| F|  |TAMS 0x0000000744600000, 0x0000000744600000| Untracked 
|  71|0x0000000744700000, 0x0000000744700000, 0x0000000744800000|  0%| F|  |TAMS 0x0000000744700000, 0x0000000744700000| Untracked 
|  72|0x0000000744800000, 0x0000000744800000, 0x0000000744900000|  0%| F|  |TAMS 0x0000000744800000, 0x0000000744800000| Untracked 
|  73|0x0000000744900000, 0x0000000744900000, 0x0000000744a00000|  0%| F|  |TAMS 0x0000000744900000, 0x0000000744900000| Untracked 
|  74|0x0000000744a00000, 0x0000000744a00000, 0x0000000744b00000|  0%| F|  |TAMS 0x0000000744a00000, 0x0000000744a00000| Untracked 
|  75|0x0000000744b00000, 0x0000000744b00000, 0x0000000744c00000|  0%| F|  |TAMS 0x0000000744b00000, 0x0000000744b00000| Untracked 
|  76|0x0000000744c00000, 0x0000000744c00000, 0x0000000744d00000|  0%| F|  |TAMS 0x0000000744c00000, 0x0000000744c00000| Untracked 
|  77|0x0000000744d00000, 0x0000000744d00000, 0x0000000744e00000|  0%| F|  |TAMS 0x0000000744d00000, 0x0000000744d00000| Untracked 
|  78|0x0000000744e00000, 0x0000000744e00000, 0x0000000744f00000|  0%| F|  |TAMS 0x0000000744e00000, 0x0000000744e00000| Untracked 
|  79|0x0000000744f00000, 0x0000000744f00000, 0x0000000745000000|  0%| F|  |TAMS 0x0000000744f00000, 0x0000000744f00000| Untracked 
|  80|0x0000000745000000, 0x0000000745000000, 0x0000000745100000|  0%| F|  |TAMS 0x0000000745000000, 0x0000000745000000| Untracked 
|  81|0x0000000745100000, 0x0000000745100000, 0x0000000745200000|  0%| F|  |TAMS 0x0000000745100000, 0x0000000745100000| Untracked 
|  82|0x0000000745200000, 0x0000000745200000, 0x0000000745300000|  0%| F|  |TAMS 0x0000000745200000, 0x0000000745200000| Untracked 
|  83|0x0000000745300000, 0x0000000745300000, 0x0000000745400000|  0%| F|  |TAMS 0x0000000745300000, 0x0000000745300000| Untracked 
|  84|0x0000000745400000, 0x0000000745400000, 0x0000000745500000|  0%| F|  |TAMS 0x0000000745400000, 0x0000000745400000| Untracked 
|  85|0x0000000745500000, 0x0000000745500000, 0x0000000745600000|  0%| F|  |TAMS 0x0000000745500000, 0x0000000745500000| Untracked 
|  86|0x0000000745600000, 0x0000000745600000, 0x0000000745700000|  0%| F|  |TAMS 0x0000000745600000, 0x0000000745600000| Untracked 
|  87|0x0000000745700000, 0x0000000745700000, 0x0000000745800000|  0%| F|  |TAMS 0x0000000745700000, 0x0000000745700000| Untracked 
|  88|0x0000000745800000, 0x0000000745800000, 0x0000000745900000|  0%| F|  |TAMS 0x0000000745800000, 0x0000000745800000| Untracked 
|  89|0x0000000745900000, 0x0000000745900000, 0x0000000745a00000|  0%| F|  |TAMS 0x0000000745900000, 0x0000000745900000| Untracked 
|  90|0x0000000745a00000, 0x0000000745a00000, 0x0000000745b00000|  0%| F|  |TAMS 0x0000000745a00000, 0x0000000745a00000| Untracked 
|  91|0x0000000745b00000, 0x0000000745b00000, 0x0000000745c00000|  0%| F|  |TAMS 0x0000000745b00000, 0x0000000745b00000| Untracked 
|  92|0x0000000745c00000, 0x0000000745c00000, 0x0000000745d00000|  0%| F|  |TAMS 0x0000000745c00000, 0x0000000745c00000| Untracked 
|  93|0x0000000745d00000, 0x0000000745d00000, 0x0000000745e00000|  0%| F|  |TAMS 0x0000000745d00000, 0x0000000745d00000| Untracked 
|  94|0x0000000745e00000, 0x0000000745e00000, 0x0000000745f00000|  0%| F|  |TAMS 0x0000000745e00000, 0x0000000745e00000| Untracked 
|  95|0x0000000745f00000, 0x0000000745f00000, 0x0000000746000000|  0%| F|  |TAMS 0x0000000745f00000, 0x0000000745f00000| Untracked 
|  96|0x0000000746000000, 0x0000000746000000, 0x0000000746100000|  0%| F|  |TAMS 0x0000000746000000, 0x0000000746000000| Untracked 
|  97|0x0000000746100000, 0x0000000746100000, 0x0000000746200000|  0%| F|  |TAMS 0x0000000746100000, 0x0000000746100000| Untracked 
|  98|0x0000000746200000, 0x0000000746200000, 0x0000000746300000|  0%| F|  |TAMS 0x0000000746200000, 0x0000000746200000| Untracked 
|  99|0x0000000746300000, 0x0000000746300000, 0x0000000746400000|  0%| F|  |TAMS 0x0000000746300000, 0x0000000746300000| Untracked 
| 100|0x0000000746400000, 0x0000000746400000, 0x0000000746500000|  0%| F|  |TAMS 0x0000000746400000, 0x0000000746400000| Untracked 
| 101|0x0000000746500000, 0x0000000746500000, 0x0000000746600000|  0%| F|  |TAMS 0x0000000746500000, 0x0000000746500000| Untracked 
| 102|0x0000000746600000, 0x0000000746600000, 0x0000000746700000|  0%| F|  |TAMS 0x0000000746600000, 0x0000000746600000| Untracked 
| 103|0x0000000746700000, 0x0000000746700000, 0x0000000746800000|  0%| F|  |TAMS 0x0000000746700000, 0x0000000746700000| Untracked 
| 104|0x0000000746800000, 0x0000000746900000, 0x0000000746900000|100%| E|  |TAMS 0x0000000746800000, 0x0000000746800000| Complete 
| 105|0x0000000746900000, 0x0000000746a00000, 0x0000000746a00000|100%| E|CS|TAMS 0x0000000746900000, 0x0000000746900000| Complete 
| 106|0x0000000746a00000, 0x0000000746b00000, 0x0000000746b00000|100%| E|CS|TAMS 0x0000000746a00000, 0x0000000746a00000| Complete 
| 107|0x0000000746b00000, 0x0000000746c00000, 0x0000000746c00000|100%| E|CS|TAMS 0x0000000746b00000, 0x0000000746b00000| Complete 
| 108|0x0000000746c00000, 0x0000000746d00000, 0x0000000746d00000|100%| E|CS|TAMS 0x0000000746c00000, 0x0000000746c00000| Complete 
| 109|0x0000000746d00000, 0x0000000746e00000, 0x0000000746e00000|100%| E|CS|TAMS 0x0000000746d00000, 0x0000000746d00000| Complete 
| 110|0x0000000746e00000, 0x0000000746f00000, 0x0000000746f00000|100%| E|CS|TAMS 0x0000000746e00000, 0x0000000746e00000| Complete 
| 111|0x0000000746f00000, 0x0000000747000000, 0x0000000747000000|100%| E|CS|TAMS 0x0000000746f00000, 0x0000000746f00000| Complete 
| 112|0x0000000747000000, 0x00000007470d7c00, 0x0000000747100000| 84%| S|CS|TAMS 0x0000000747000000, 0x0000000747000000| Complete 
| 113|0x0000000747100000, 0x0000000747200000, 0x0000000747200000|100%| S|CS|TAMS 0x0000000747100000, 0x0000000747100000| Complete 
| 114|0x0000000747200000, 0x0000000747300000, 0x0000000747300000|100%| E|CS|TAMS 0x0000000747200000, 0x0000000747200000| Complete 
| 115|0x0000000747300000, 0x0000000747400000, 0x0000000747400000|100%| E|CS|TAMS 0x0000000747300000, 0x0000000747300000| Complete 
| 116|0x0000000747400000, 0x0000000747500000, 0x0000000747500000|100%| E|CS|TAMS 0x0000000747400000, 0x0000000747400000| Complete 
| 117|0x0000000747500000, 0x0000000747600000, 0x0000000747600000|100%| E|CS|TAMS 0x0000000747500000, 0x0000000747500000| Complete 
| 118|0x0000000747600000, 0x0000000747700000, 0x0000000747700000|100%| E|CS|TAMS 0x0000000747600000, 0x0000000747600000| Complete 
| 119|0x0000000747700000, 0x0000000747800000, 0x0000000747800000|100%| E|CS|TAMS 0x0000000747700000, 0x0000000747700000| Complete 
| 120|0x0000000747800000, 0x0000000747900000, 0x0000000747900000|100%| E|CS|TAMS 0x0000000747800000, 0x0000000747800000| Complete 
| 121|0x0000000747900000, 0x0000000747a00000, 0x0000000747a00000|100%| E|CS|TAMS 0x0000000747900000, 0x0000000747900000| Complete 
| 122|0x0000000747a00000, 0x0000000747b00000, 0x0000000747b00000|100%| E|CS|TAMS 0x0000000747a00000, 0x0000000747a00000| Complete 
| 123|0x0000000747b00000, 0x0000000747c00000, 0x0000000747c00000|100%| E|CS|TAMS 0x0000000747b00000, 0x0000000747b00000| Complete 
| 124|0x0000000747c00000, 0x0000000747d00000, 0x0000000747d00000|100%| E|  |TAMS 0x0000000747c00000, 0x0000000747c00000| Complete 
| 125|0x0000000747d00000, 0x0000000747e00000, 0x0000000747e00000|100%| E|CS|TAMS 0x0000000747d00000, 0x0000000747d00000| Complete 
| 126|0x0000000747e00000, 0x0000000747f00000, 0x0000000747f00000|100%| E|CS|TAMS 0x0000000747e00000, 0x0000000747e00000| Complete 
| 127|0x0000000747f00000, 0x0000000748000000, 0x0000000748000000|100%| E|CS|TAMS 0x0000000747f00000, 0x0000000747f00000| Complete 

Card table byte_map: [0x0000000109417000,0x0000000109817000] _byte_map_base: 0x0000000105a17000

Marking Bits (Prev, Next): (CMBitMap*) 0x00007fb4cb038a18, (CMBitMap*) 0x00007fb4cb038a50
 Prev Bits: [0x0000000109c17000, 0x000000010bc17000)
 Next Bits: [0x000000010bc17000, 0x000000010dc17000)

Polling page: 0x00000001081db000

Metaspace:

Usage:
  Non-class:     10.97 MB capacity,    10.77 MB ( 98%) used,   168.88 KB (  2%) free+waste,    39.19 KB ( <1%) overhead. 
      Class:      1.45 MB capacity,     1.29 MB ( 89%) used,   136.56 KB (  9%) free+waste,    19.75 KB (  1%) overhead. 
       Both:     12.42 MB capacity,    12.06 MB ( 97%) used,   305.44 KB (  2%) free+waste,    58.94 KB ( <1%) overhead. 

Virtual space:
  Non-class space:       12.00 MB reserved,      11.25 MB ( 94%) committed 
      Class space:        1.00 GB reserved,       1.50 MB ( <1%) committed 
             Both:        1.01 GB reserved,      12.75 MB (  1%) committed 

Chunk freelists:
   Non-Class:  5.00 KB
       Class:  2.75 KB
        Both:  7.75 KB

CodeHeap 'non-profiled nmethods': size=120032Kb used=376Kb max_used=376Kb free=119655Kb
 bounds [0x000000011e785000, 0x000000011e9f5000, 0x0000000125cbd000]
CodeHeap 'profiled nmethods': size=120032Kb used=1691Kb max_used=1691Kb free=118340Kb
 bounds [0x000000011724d000, 0x00000001174bd000, 0x000000011e785000]
CodeHeap 'non-nmethods': size=5696Kb used=1134Kb max_used=1149Kb free=4561Kb
 bounds [0x0000000116cbd000, 0x0000000116f2d000, 0x000000011724d000]
 total_blobs=1761 nmethods=1037 adapters=402
 compilation: enabled
              stopped_count=0, restarted_count=0
 full_count=0

Compilation events (10 events):
Event: 48.282 Thread 0x00007fb4cb09b800 1033       3       java.io.OutputStreamWriter::write (11 bytes)
Event: 48.282 Thread 0x00007fb4cb09b800 nmethod 1033 0x00000001173f0a90 code [0x00000001173f0c60, 0x00000001173f0e08]
Event: 48.282 Thread 0x00007fb4cb09b800 1034   !   3       sun.nio.cs.StreamEncoder::write (78 bytes)
Event: 48.283 Thread 0x00007fb4cb09b800 nmethod 1034 0x00000001173f0f10 code [0x00000001173f1180, 0x00000001173f1cc8]
Event: 48.283 Thread 0x00007fb4cb09b800 1035       3       sun.nio.cs.StreamEncoder::ensureOpen (18 bytes)
Event: 48.283 Thread 0x00007fb4cb09b800 nmethod 1035 0x00000001173f2310 code [0x00000001173f24e0, 0x00000001173f2748]
Event: 48.283 Thread 0x00007fb4cb09b800 1036       3       sun.nio.cs.StreamEncoder::implWrite (15 bytes)
Event: 48.284 Thread 0x00007fb4cb09b800 nmethod 1036 0x00000001173f2810 code [0x00000001173f2a20, 0x00000001173f2f28]
Event: 48.284 Thread 0x00007fb4cb09b800 1037       3       sun.nio.cs.StreamEncoder::implWrite (137 bytes)
Event: 48.285 Thread 0x00007fb4cb09b800 nmethod 1037 0x00000001173f3210 code [0x00000001173f3460, 0x00000001173f3ca8]

GC Heap History (2 events):
Event: 0.636 GC heap before
{Heap before GC invocations=0 (full 0):
 garbage-first heap   total 131072K, used 13312K [0x0000000740000000, 0x00000007c0000000)
  region size 1024K, 14 young (14336K), 0 survivors (0K)
 Metaspace       used 8827K, capacity 9161K, committed 9344K, reserved 1056768K
  class space    used 901K, capacity 1041K, committed 1152K, reserved 1048576K
}
Event: 0.641 GC heap after
{Heap after GC invocations=1 (full 0):
 garbage-first heap   total 131072K, used 1887K [0x0000000740000000, 0x00000007c0000000)
  region size 1024K, 2 young (2048K), 2 survivors (2048K)
 Metaspace       used 8827K, capacity 9161K, committed 9344K, reserved 1056768K
  class space    used 901K, capacity 1041K, committed 1152K, reserved 1048576K
}

Deoptimization events (10 events):
Event: 0.660 Thread 0x00007fb4cb874000 Uncommon trap: reason=class_check action=maybe_recompile pc=0x000000011e7a3df4 method=java.util.HashMap.putVal(ILjava/lang/Object;Ljava/lang/Object;ZZ)Ljava/lang/Object; @ 152 c2
Event: 0.661 Thread 0x00007fb4cb874000 Uncommon trap: reason=class_check action=maybe_recompile pc=0x000000011e7a3df4 method=java.util.HashMap.putVal(ILjava/lang/Object;Ljava/lang/Object;ZZ)Ljava/lang/Object; @ 152 c2
Event: 0.661 Thread 0x00007fb4cb874000 Uncommon trap: reason=class_check action=maybe_recompile pc=0x000000011e7a3df4 method=java.util.HashMap.putVal(ILjava/lang/Object;Ljava/lang/Object;ZZ)Ljava/lang/Object; @ 152 c2
Event: 0.661 Thread 0x00007fb4cb874000 Uncommon trap: reason=class_check action=maybe_recompile pc=0x000000011e7a3df4 method=java.util.HashMap.putVal(ILjava/lang/Object;Ljava/lang/Object;ZZ)Ljava/lang/Object; @ 152 c2
Event: 0.990 Thread 0x00007fb4cb008800 Uncommon trap: reason=unstable_fused_if action=reinterpret pc=0x000000011e7d04ec method=jdk.internal.org.objectweb.asm.Frame.execute(IILjdk/internal/org/objectweb/asm/ClassWriter;Ljdk/internal/org/objectweb/asm/Item;)V @ 1 c2
Event: 1.017 Thread 0x00007fb4caa3f000 Uncommon trap: reason=class_check action=maybe_recompile pc=0x000000011e7ca46c method=java.util.HashMap.putVal(ILjava/lang/Object;Ljava/lang/Object;ZZ)Ljava/lang/Object; @ 91 c2
Event: 1.018 Thread 0x00007fb4caa3f000 Uncommon trap: reason=class_check action=maybe_recompile pc=0x000000011e7ca46c method=java.util.HashMap.putVal(ILjava/lang/Object;Ljava/lang/Object;ZZ)Ljava/lang/Object; @ 91 c2
Event: 1.057 Thread 0x00007fb4caa3f000 Uncommon trap: reason=unstable_if action=reinterpret pc=0x000000011e7b0e84 method=java.util.zip.ZipFile.getZipEntry(Ljava/lang/String;[BILjava/util/function/Function;)Ljava/util/zip/ZipEntry; @ 186 c2
Event: 1.073 Thread 0x00007fb4caa3f000 Uncommon trap: reason=unstable_if action=reinterpret pc=0x000000011e79b194 method=java.lang.String.substring(II)Ljava/lang/String; @ 22 c2
Event: 1.138 Thread 0x00007fb4caa3f000 Uncommon trap: reason=bimorphic_or_optimized_type_check action=maybe_recompile pc=0x000000011e7dde60 method=java.util.HashMap.putVal(ILjava/lang/Object;Ljava/lang/Object;ZZ)Ljava/lang/Object; @ 152 c2

Classes redefined (0 events):
No events

Internal exceptions (10 events):
Event: 40.263 Thread 0x00007fb4cab47000 Exception <a 'org/jnativehook/NativeHookException'{0x0000000746a7eed0}> (0x0000000746a7eed0) thrown at [/scratch/mesos/slaves/83bb4d84-382c-4ead-b585-d8ef0018fefe-S19331/frameworks/1735e8a2-a1db-478c-8104-60c8b0af87dd-0196/executors/452f932d-9761-444d-b12
Event: 41.266 Thread 0x00007fb4cb1f6800 Exception <a 'org/jnativehook/NativeHookException'{0x0000000746afd398}> (0x0000000746afd398) thrown at [/scratch/mesos/slaves/83bb4d84-382c-4ead-b585-d8ef0018fefe-S19331/frameworks/1735e8a2-a1db-478c-8104-60c8b0af87dd-0196/executors/452f932d-9761-444d-b12
Event: 42.267 Thread 0x00007fb4cb1f6800 Exception <a 'org/jnativehook/NativeHookException'{0x0000000746900208}> (0x0000000746900208) thrown at [/scratch/mesos/slaves/83bb4d84-382c-4ead-b585-d8ef0018fefe-S19331/frameworks/1735e8a2-a1db-478c-8104-60c8b0af87dd-0196/executors/452f932d-9761-444d-b12
Event: 43.269 Thread 0x00007fb4ca248000 Exception <a 'org/jnativehook/NativeHookException'{0x0000000746900a08}> (0x0000000746900a08) thrown at [/scratch/mesos/slaves/83bb4d84-382c-4ead-b585-d8ef0018fefe-S19331/frameworks/1735e8a2-a1db-478c-8104-60c8b0af87dd-0196/executors/452f932d-9761-444d-b12
Event: 44.272 Thread 0x00007fb4cb1f6800 Exception <a 'org/jnativehook/NativeHookException'{0x000000074697eed0}> (0x000000074697eed0) thrown at [/scratch/mesos/slaves/83bb4d84-382c-4ead-b585-d8ef0018fefe-S19331/frameworks/1735e8a2-a1db-478c-8104-60c8b0af87dd-0196/executors/452f932d-9761-444d-b12
Event: 45.274 Thread 0x00007fb4cab47000 Exception <a 'org/jnativehook/NativeHookException'{0x00000007469fd398}> (0x00000007469fd398) thrown at [/scratch/mesos/slaves/83bb4d84-382c-4ead-b585-d8ef0018fefe-S19331/frameworks/1735e8a2-a1db-478c-8104-60c8b0af87dd-0196/executors/452f932d-9761-444d-b12
Event: 46.277 Thread 0x00007fb4cb1f6800 Exception <a 'org/jnativehook/NativeHookException'{0x0000000746800208}> (0x0000000746800208) thrown at [/scratch/mesos/slaves/83bb4d84-382c-4ead-b585-d8ef0018fefe-S19331/frameworks/1735e8a2-a1db-478c-8104-60c8b0af87dd-0196/executors/452f932d-9761-444d-b12
Event: 47.279 Thread 0x00007fb4cab47000 Exception <a 'org/jnativehook/NativeHookException'{0x0000000746800a08}> (0x0000000746800a08) thrown at [/scratch/mesos/slaves/83bb4d84-382c-4ead-b585-d8ef0018fefe-S19331/frameworks/1735e8a2-a1db-478c-8104-60c8b0af87dd-0196/executors/452f932d-9761-444d-b12
Event: 48.282 Thread 0x00007fb4cab47000 Exception <a 'org/jnativehook/NativeHookException'{0x000000074687eed0}> (0x000000074687eed0) thrown at [/scratch/mesos/slaves/83bb4d84-382c-4ead-b585-d8ef0018fefe-S19331/frameworks/1735e8a2-a1db-478c-8104-60c8b0af87dd-0196/executors/452f932d-9761-444d-b12
Event: 49.284 Thread 0x00007fb4cab47000 Exception <a 'org/jnativehook/NativeHookException'{0x00000007468fd398}> (0x00000007468fd398) thrown at [/scratch/mesos/slaves/83bb4d84-382c-4ead-b585-d8ef0018fefe-S19331/frameworks/1735e8a2-a1db-478c-8104-60c8b0af87dd-0196/executors/452f932d-9761-444d-b12

Events (10 events):
Event: 44.272 Thread 0x00007fb4cb1f6800 Thread exited: 0x00007fb4cb1f6800
Event: 45.272 Thread 0x00007fb4cab47000 Thread added: 0x00007fb4cab47000
Event: 45.274 Thread 0x00007fb4cab47000 Thread exited: 0x00007fb4cab47000
Event: 46.276 Thread 0x00007fb4cb1f6800 Thread added: 0x00007fb4cb1f6800
Event: 46.277 Thread 0x00007fb4cb1f6800 Thread exited: 0x00007fb4cb1f6800
Event: 47.278 Thread 0x00007fb4cab47000 Thread added: 0x00007fb4cab47000
Event: 47.279 Thread 0x00007fb4cab47000 Thread exited: 0x00007fb4cab47000
Event: 48.281 Thread 0x00007fb4cab47000 Thread added: 0x00007fb4cab47000
Event: 48.282 Thread 0x00007fb4cab47000 Thread exited: 0x00007fb4cab47000
Event: 49.283 Thread 0x00007fb4cab47000 Thread added: 0x00007fb4cab47000


Dynamic libraries:
0x00007fff37d64000 	/System/Library/Frameworks/Cocoa.framework/Versions/A/Cocoa
0x00007fff44021000 	/System/Library/Frameworks/Security.framework/Versions/A/Security
0x00007fff3696b000 	/System/Library/Frameworks/ApplicationServices.framework/Versions/A/ApplicationServices
0x00007fff65602000 	/usr/lib/libz.1.dylib
0x00007fff62c78000 	/usr/lib/libSystem.B.dylib
0x00007fff38587000 	/System/Library/Frameworks/CoreFoundation.framework/Versions/A/CoreFoundation
0x00007fff3a90c000 	/System/Library/Frameworks/Foundation.framework/Versions/C/Foundation
0x00007fff6471f000 	/usr/lib/libobjc.A.dylib
0x00007fff35af8000 	/System/Library/Frameworks/AppKit.framework/Versions/C/AppKit
0x00007fff380fb000 	/System/Library/Frameworks/CoreData.framework/Versions/A/CoreData
0x00007fff5be47000 	/System/Library/PrivateFrameworks/RemoteViewServices.framework/Versions/A/RemoteViewServices
0x00007fff60946000 	/System/Library/PrivateFrameworks/UIFoundation.framework/Versions/A/UIFoundation
0x00007fff620fe000 	/System/Library/PrivateFrameworks/XCTTargetBootstrap.framework/Versions/A/XCTTargetBootstrap
0x00007fff5694c000 	/System/Library/PrivateFrameworks/IconServices.framework/Versions/A/IconServices
0x00007fff3d1d5000 	/System/Library/Frameworks/Metal.framework/Versions/A/Metal
0x00007fff4db4f000 	/System/Library/PrivateFrameworks/DesktopServicesPriv.framework/Versions/A/DesktopServicesPriv
0x00007fff63a33000 	/usr/lib/libenergytrace.dylib
0x00007fff5e6b7000 	/System/Library/PrivateFrameworks/SkyLight.framework/Versions/A/SkyLight
0x00007fff389d6000 	/System/Library/Frameworks/CoreGraphics.framework/Versions/A/CoreGraphics
0x00007fff348b3000 	/System/Library/Frameworks/Accelerate.framework/Versions/A/Accelerate
0x00007fff3b095000 	/System/Library/Frameworks/IOSurface.framework/Versions/A/IOSurface
0x00007fff4d9b1000 	/System/Library/PrivateFrameworks/DFRFoundation.framework/Versions/A/DFRFoundation
0x00007fff36e70000 	/System/Library/Frameworks/AudioToolbox.framework/Versions/A/AudioToolbox
0x00007fff3710f000 	/System/Library/Frameworks/AudioUnit.framework/Versions/A/AudioUnit
0x00007fff4da48000 	/System/Library/PrivateFrameworks/DataDetectorsCore.framework/Versions/A/DataDetectorsCore
0x00007fff3784e000 	/System/Library/Frameworks/Carbon.framework/Versions/A/Frameworks/HIToolbox.framework/Versions/A/HIToolbox
0x00007fff63b8e000 	/usr/lib/libicucore.A.dylib
0x00007fff43574000 	/System/Library/Frameworks/QuartzCore.framework/Versions/A/QuartzCore
0x00007fff37c35000 	/System/Library/Frameworks/Carbon.framework/Versions/A/Frameworks/SpeechRecognition.framework/Versions/A/SpeechRecognition
0x00007fff62ddb000 	/usr/lib/libauto.dylib
0x00007fff654f5000 	/usr/lib/libxml2.2.dylib
0x00007fff4d5b0000 	/System/Library/PrivateFrameworks/CoreUI.framework/Versions/A/CoreUI
0x00007fff37fd9000 	/System/Library/Frameworks/CoreAudio.framework/Versions/A/CoreAudio
0x00007fff3a73e000 	/System/Library/Frameworks/DiskArbitration.framework/Versions/A/DiskArbitration
0x00007fff63e3e000 	/usr/lib/liblangid.dylib
0x00007fff57dfb000 	/System/Library/PrivateFrameworks/MultitouchSupport.framework/Versions/A/MultitouchSupport
0x00007fff3b001000 	/System/Library/Frameworks/IOKit.framework/Versions/A/IOKit
0x00007fff628c6000 	/usr/lib/libDiagnosticMessagesClient.dylib
0x00007fff39844000 	/System/Library/Frameworks/CoreServices.framework/Versions/A/CoreServices
0x00007fff59b30000 	/System/Library/PrivateFrameworks/PerformanceAnalysis.framework/Versions/A/PerformanceAnalysis
0x00007fff42709000 	/System/Library/Frameworks/OpenGL.framework/Versions/A/OpenGL
0x00007fff37d72000 	/System/Library/Frameworks/ColorSync.framework/Versions/A/ColorSync
0x00007fff39065000 	/System/Library/Frameworks/CoreImage.framework/Versions/A/CoreImage
0x00007fff3a287000 	/System/Library/Frameworks/CoreText.framework/Versions/A/CoreText
0x00007fff3b0f6000 	/System/Library/Frameworks/ImageIO.framework/Versions/A/ImageIO
0x00007fff49bef000 	/System/Library/PrivateFrameworks/Backup.framework/Versions/A/Backup
0x00007fff62d2e000 	/usr/lib/libarchive.2.dylib
0x00007fff37473000 	/System/Library/Frameworks/CFNetwork.framework/Versions/A/CFNetwork
0x00007fff447cc000 	/System/Library/Frameworks/SystemConfiguration.framework/Versions/A/SystemConfiguration
0x00007fff627ef000 	/usr/lib/libCRFSuite.dylib
0x00007fff62ed2000 	/usr/lib/libc++.1.dylib
0x00007fff62f2a000 	/usr/lib/libc++abi.dylib
0x00007fff65685000 	/usr/lib/system/libcache.dylib
0x00007fff6568a000 	/usr/lib/system/libcommonCrypto.dylib
0x00007fff65695000 	/usr/lib/system/libcompiler_rt.dylib
0x00007fff6569d000 	/usr/lib/system/libcopyfile.dylib
0x00007fff656a7000 	/usr/lib/system/libcorecrypto.dylib
0x00007fff657b2000 	/usr/lib/system/libdispatch.dylib
0x00007fff657ed000 	/usr/lib/system/libdyld.dylib
0x00007fff6581d000 	/usr/lib/system/libkeymgr.dylib
0x00007fff6582b000 	/usr/lib/system/liblaunch.dylib
0x00007fff6582c000 	/usr/lib/system/libmacho.dylib
0x00007fff65832000 	/usr/lib/system/libquarantine.dylib
0x00007fff65835000 	/usr/lib/system/libremovefile.dylib
0x00007fff65837000 	/usr/lib/system/libsystem_asl.dylib
0x00007fff6584f000 	/usr/lib/system/libsystem_blocks.dylib
0x00007fff65850000 	/usr/lib/system/libsystem_c.dylib
0x00007fff658d9000 	/usr/lib/system/libsystem_configuration.dylib
0x00007fff658dd000 	/usr/lib/system/libsystem_coreservices.dylib
0x00007fff658e1000 	/usr/lib/system/libsystem_darwin.dylib
0x00007fff658e8000 	/usr/lib/system/libsystem_dnssd.dylib
0x00007fff658ef000 	/usr/lib/system/libsystem_info.dylib
0x00007fff65965000 	/usr/lib/system/libsystem_m.dylib
0x00007fff659b1000 	/usr/lib/system/libsystem_malloc.dylib
0x00007fff659d6000 	/usr/lib/system/libsystem_networkextension.dylib
0x00007fff659e2000 	/usr/lib/system/libsystem_notify.dylib
0x00007fff659ff000 	/usr/lib/system/libsystem_sandbox.dylib
0x00007fff65a03000 	/usr/lib/system/libsystem_secinit.dylib
0x00007fff6593c000 	/usr/lib/system/libsystem_kernel.dylib
0x00007fff659ea000 	/usr/lib/system/libsystem_platform.dylib
0x00007fff659f4000 	/usr/lib/system/libsystem_pthread.dylib
0x00007fff65a06000 	/usr/lib/system/libsystem_symptoms.dylib
0x00007fff65a0e000 	/usr/lib/system/libsystem_trace.dylib
0x00007fff65a25000 	/usr/lib/system/libunwind.dylib
0x00007fff65a2b000 	/usr/lib/system/libxpc.dylib
0x00007fff62eb2000 	/usr/lib/libbsm.0.dylib
0x00007fff6581e000 	/usr/lib/system/libkxld.dylib
0x00007fff48e9c000 	/System/Library/PrivateFrameworks/AppleFSCompression.framework/Versions/A/AppleFSCompression
0x00007fff62b37000 	/usr/lib/libOpenScriptingUtil.dylib
0x00007fff63215000 	/usr/lib/libcoretls.dylib
0x00007fff6322c000 	/usr/lib/libcoretls_cfhelpers.dylib
0x00007fff64eb8000 	/usr/lib/libpam.2.dylib
0x00007fff6507b000 	/usr/lib/libsqlite3.dylib
0x00007fff654e3000 	/usr/lib/libxar.1.dylib
0x00007fff62ec3000 	/usr/lib/libbz2.1.0.dylib
0x00007fff63e40000 	/usr/lib/liblzma.5.dylib
0x00007fff64336000 	/usr/lib/libnetwork.dylib
0x00007fff62d17000 	/usr/lib/libapple_nghttp2.dylib
0x00007fff64ebf000 	/usr/lib/libpcap.A.dylib
0x00007fff39be8000 	/System/Library/Frameworks/CoreServices.framework/Versions/A/Frameworks/FSEvents.framework/Versions/A/FSEvents
0x00007fff398c4000 	/System/Library/Frameworks/CoreServices.framework/Versions/A/Frameworks/CarbonCore.framework/Versions/A/CarbonCore
0x00007fff39dbd000 	/System/Library/Frameworks/CoreServices.framework/Versions/A/Frameworks/Metadata.framework/Versions/A/Metadata
0x00007fff39e60000 	/System/Library/Frameworks/CoreServices.framework/Versions/A/Frameworks/OSServices.framework/Versions/A/OSServices
0x00007fff39eac000 	/System/Library/Frameworks/CoreServices.framework/Versions/A/Frameworks/SearchKit.framework/Versions/A/SearchKit
0x00007fff39845000 	/System/Library/Frameworks/CoreServices.framework/Versions/A/Frameworks/AE.framework/Versions/A/AE
0x00007fff39bf1000 	/System/Library/Frameworks/CoreServices.framework/Versions/A/Frameworks/LaunchServices.framework/Versions/A/LaunchServices
0x00007fff39b9d000 	/System/Library/Frameworks/CoreServices.framework/Versions/A/Frameworks/DictionaryServices.framework/Versions/A/DictionaryServices
0x00007fff39f1b000 	/System/Library/Frameworks/CoreServices.framework/Versions/A/Frameworks/SharedFileList.framework/Versions/A/SharedFileList
0x00007fff3e69a000 	/System/Library/Frameworks/NetFS.framework/Versions/A/NetFS
0x00007fff58098000 	/System/Library/PrivateFrameworks/NetAuth.framework/Versions/A/NetAuth
0x00007fff62532000 	/System/Library/PrivateFrameworks/login.framework/Versions/A/Frameworks/loginsupport.framework/Versions/A/loginsupport
0x00007fff6053e000 	/System/Library/PrivateFrameworks/TCC.framework/Versions/A/TCC
0x00007fff4cbba000 	/System/Library/PrivateFrameworks/CoreNLP.framework/Versions/A/CoreNLP
0x00007fff57aec000 	/System/Library/PrivateFrameworks/MetadataUtilities.framework/Versions/A/MetadataUtilities
0x00007fff63f21000 	/usr/lib/libmecabra.dylib
0x00007fff3696c000 	/System/Library/Frameworks/ApplicationServices.framework/Versions/A/Frameworks/ATS.framework/Versions/A/ATS
0x00007fff36cd7000 	/System/Library/Frameworks/ApplicationServices.framework/Versions/A/Frameworks/ColorSyncLegacy.framework/Versions/A/ColorSyncLegacy
0x00007fff36d78000 	/System/Library/Frameworks/ApplicationServices.framework/Versions/A/Frameworks/HIServices.framework/Versions/A/HIServices
0x00007fff36dcb000 	/System/Library/Frameworks/ApplicationServices.framework/Versions/A/Frameworks/LangAnalysis.framework/Versions/A/LangAnalysis
0x00007fff36dda000 	/System/Library/Frameworks/ApplicationServices.framework/Versions/A/Frameworks/PrintCore.framework/Versions/A/PrintCore
0x00007fff36e27000 	/System/Library/Frameworks/ApplicationServices.framework/Versions/A/Frameworks/QD.framework/Versions/A/QD
0x00007fff36e63000 	/System/Library/Frameworks/ApplicationServices.framework/Versions/A/Frameworks/SpeechSynthesis.framework/Versions/A/SpeechSynthesis
0x00007fff62f52000 	/usr/lib/libcompression.dylib
0x00007fff3849d000 	/System/Library/Frameworks/CoreDisplay.framework/Versions/A/CoreDisplay
0x00007fff3d49d000 	/System/Library/Frameworks/MetalPerformanceShaders.framework/Versions/A/MetalPerformanceShaders
0x00007fff348cb000 	/System/Library/Frameworks/Accelerate.framework/Versions/A/Frameworks/vImage.framework/Versions/A/vImage
0x00007fff35947000 	/System/Library/Frameworks/Accelerate.framework/Versions/A/Frameworks/vecLib.framework/Versions/A/vecLib
0x00007fff35891000 	/System/Library/Frameworks/Accelerate.framework/Versions/A/Frameworks/vecLib.framework/Versions/A/libvMisc.dylib
0x00007fff356ac000 	/System/Library/Frameworks/Accelerate.framework/Versions/A/Frameworks/vecLib.framework/Versions/A/libvDSP.dylib
0x00007fff34f6c000 	/System/Library/Frameworks/Accelerate.framework/Versions/A/Frameworks/vecLib.framework/Versions/A/libBLAS.dylib
0x00007fff35257000 	/System/Library/Frameworks/Accelerate.framework/Versions/A/Frameworks/vecLib.framework/Versions/A/libLAPACK.dylib
0x00007fff355fe000 	/System/Library/Frameworks/Accelerate.framework/Versions/A/Frameworks/vecLib.framework/Versions/A/libLinearAlgebra.dylib
0x00007fff35698000 	/System/Library/Frameworks/Accelerate.framework/Versions/A/Frameworks/vecLib.framework/Versions/A/libSparseBLAS.dylib
0x00007fff35614000 	/System/Library/Frameworks/Accelerate.framework/Versions/A/Frameworks/vecLib.framework/Versions/A/libQuadrature.dylib
0x00007fff351e4000 	/System/Library/Frameworks/Accelerate.framework/Versions/A/Frameworks/vecLib.framework/Versions/A/libBNNS.dylib
0x00007fff3561a000 	/System/Library/Frameworks/Accelerate.framework/Versions/A/Frameworks/vecLib.framework/Versions/A/libSparse.dylib
0x00007fff540df000 	/System/Library/PrivateFrameworks/GPUWrangler.framework/Versions/A/GPUWrangler
0x00007fff56513000 	/System/Library/PrivateFrameworks/IOAccelerator.framework/Versions/A/IOAccelerator
0x00007fff5651e000 	/System/Library/PrivateFrameworks/IOPresentment.framework/Versions/A/IOPresentment
0x00007fff4d9c1000 	/System/Library/PrivateFrameworks/DSExternalDisplay.framework/Versions/A/DSExternalDisplay
0x00007fff41b4e000 	/System/Library/Frameworks/OpenGL.framework/Versions/A/Libraries/libCoreFSCache.dylib
0x00007fff3d285000 	/System/Library/Frameworks/MetalPerformanceShaders.framework/Frameworks/MPSCore.framework/Versions/A/MPSCore
0x00007fff3d2a6000 	/System/Library/Frameworks/MetalPerformanceShaders.framework/Frameworks/MPSImage.framework/Versions/A/MPSImage
0x00007fff3d34e000 	/System/Library/Frameworks/MetalPerformanceShaders.framework/Frameworks/MPSNeuralNetwork.framework/Versions/A/MPSNeuralNetwork
0x00007fff3d325000 	/System/Library/Frameworks/MetalPerformanceShaders.framework/Frameworks/MPSMatrix.framework/Versions/A/MPSMatrix
0x00007fff3d481000 	/System/Library/Frameworks/MetalPerformanceShaders.framework/Frameworks/MPSRayIntersector.framework/Versions/A/MPSRayIntersector
0x00007fff57b15000 	/System/Library/PrivateFrameworks/MetalTools.framework/Versions/A/MetalTools
0x00007fff48596000 	/System/Library/PrivateFrameworks/AggregateDictionary.framework/Versions/A/AggregateDictionary
0x00007fff62b17000 	/usr/lib/libMobileGestalt.dylib
0x00007fff3a3ed000 	/System/Library/Frameworks/CoreVideo.framework/Versions/A/CoreVideo
0x00007fff54f4e000 	/System/Library/PrivateFrameworks/GraphVisualizer.framework/Versions/A/GraphVisualizer
0x00007fff4ecea000 	/System/Library/PrivateFrameworks/FaceCore.framework/Versions/A/FaceCore
0x00007fff41166000 	/System/Library/Frameworks/OpenCL.framework/Versions/A/OpenCL
0x00007fff628fe000 	/usr/lib/libFosl_dynamic.dylib
0x00007fff5896f000 	/System/Library/PrivateFrameworks/OTSVG.framework/Versions/A/OTSVG
0x00007fff36a70000 	/System/Library/Frameworks/ApplicationServices.framework/Versions/A/Frameworks/ATS.framework/Versions/A/Resources/libFontParser.dylib
0x00007fff36b90000 	/System/Library/Frameworks/ApplicationServices.framework/Versions/A/Frameworks/ATS.framework/Versions/A/Resources/libFontRegistry.dylib
0x00007fff3b380000 	/System/Library/Frameworks/ImageIO.framework/Versions/A/Resources/libJPEG.dylib
0x00007fff3b6a2000 	/System/Library/Frameworks/ImageIO.framework/Versions/A/Resources/libTIFF.dylib
0x00007fff3b678000 	/System/Library/Frameworks/ImageIO.framework/Versions/A/Resources/libPng.dylib
0x00007fff3b295000 	/System/Library/Frameworks/ImageIO.framework/Versions/A/Resources/libGIF.dylib
0x00007fff3b29a000 	/System/Library/Frameworks/ImageIO.framework/Versions/A/Resources/libJP2.dylib
0x00007fff3b69f000 	/System/Library/Frameworks/ImageIO.framework/Versions/A/Resources/libRadiance.dylib
0x00007fff48ff5000 	/System/Library/PrivateFrameworks/AppleJPEG.framework/Versions/A/AppleJPEG
0x00007fff41b59000 	/System/Library/Frameworks/OpenGL.framework/Versions/A/Libraries/libGFXShared.dylib
0x00007fff41d1c000 	/System/Library/Frameworks/OpenGL.framework/Versions/A/Libraries/libGLU.dylib
0x00007fff41b62000 	/System/Library/Frameworks/OpenGL.framework/Versions/A/Libraries/libGL.dylib
0x00007fff41b6e000 	/System/Library/Frameworks/OpenGL.framework/Versions/A/Libraries/libGLImage.dylib
0x00007fff41b4b000 	/System/Library/Frameworks/OpenGL.framework/Versions/A/Libraries/libCVMSPluginSupport.dylib
0x00007fff41b54000 	/System/Library/Frameworks/OpenGL.framework/Versions/A/Libraries/libCoreVMClient.dylib
0x00007fff638a4000 	/usr/lib/libcups.2.dylib
0x00007fff3c79a000 	/System/Library/Frameworks/Kerberos.framework/Versions/A/Kerberos
0x00007fff3ad4b000 	/System/Library/Frameworks/GSS.framework/Versions/A/GSS
0x00007fff6500f000 	/usr/lib/libresolv.9.dylib
0x00007fff63a9c000 	/usr/lib/libiconv.2.dylib
0x00007fff550ae000 	/System/Library/PrivateFrameworks/Heimdal.framework/Versions/A/Heimdal
0x00007fff63a6b000 	/usr/lib/libheimdal-asn1.dylib
0x00007fff411dc000 	/System/Library/Frameworks/OpenDirectory.framework/Versions/A/OpenDirectory
0x00007fff4b8b7000 	/System/Library/PrivateFrameworks/CommonAuth.framework/Versions/A/CommonAuth
0x00007fff411bf000 	/System/Library/Frameworks/OpenDirectory.framework/Versions/A/Frameworks/CFOpenDirectory.framework/Versions/A/CFOpenDirectory
0x00007fff4434a000 	/System/Library/Frameworks/SecurityFoundation.framework/Versions/A/SecurityFoundation
0x00007fff47aa7000 	/System/Library/PrivateFrameworks/APFS.framework/Versions/A/APFS
0x00007fff654df000 	/usr/lib/libutil.dylib
0x00007fff62f40000 	/usr/lib/libcharset.1.dylib
0x00007fff49291000 	/System/Library/PrivateFrameworks/AppleSauce.framework/Versions/A/AppleSauce
0x00007fff4941f000 	/System/Library/PrivateFrameworks/AssertionServices.framework/Versions/A/AssertionServices
0x00007fff49c92000 	/System/Library/PrivateFrameworks/BaseBoard.framework/Versions/A/BaseBoard
0x00007fff63e70000 	/usr/lib/libmecab.1.0.0.dylib
0x00007fff63a65000 	/usr/lib/libgermantok.dylib
0x00007fff62d03000 	/usr/lib/libThaiTokenizer.dylib
0x00007fff6282a000 	/usr/lib/libChineseTokenizer.dylib
0x00007fff56c49000 	/System/Library/PrivateFrameworks/LanguageModeling.framework/Versions/A/LanguageModeling
0x00007fff4c5d0000 	/System/Library/PrivateFrameworks/CoreEmoji.framework/Versions/A/CoreEmoji
0x00007fff56d41000 	/System/Library/PrivateFrameworks/Lexicon.framework/Versions/A/Lexicon
0x00007fff56d89000 	/System/Library/PrivateFrameworks/LinguisticData.framework/Versions/A/LinguisticData
0x00007fff62f41000 	/usr/lib/libcmph.dylib
0x00007fff4440b000 	/System/Library/Frameworks/ServiceManagement.framework/Versions/A/ServiceManagement
0x00007fff49be5000 	/System/Library/PrivateFrameworks/BackgroundTaskManagement.framework/Versions/A/BackgroundTaskManagement
0x00007fff655d9000 	/usr/lib/libxslt.1.dylib
0x00007fff37b60000 	/System/Library/Frameworks/Carbon.framework/Versions/A/Frameworks/Ink.framework/Versions/A/Ink
0x00007fff607be000 	/System/Library/PrivateFrameworks/TextureIO.framework/Versions/A/TextureIO
0x00007fff62d58000 	/usr/lib/libate.dylib
0x00007fff4d91d000 	/System/Library/PrivateFrameworks/CrashReporterSupport.framework/Versions/A/CrashReporterSupport
0x00007fff5d7df000 	/System/Library/PrivateFrameworks/Sharing.framework/Versions/A/Sharing
0x00007fff49771000 	/System/Library/PrivateFrameworks/AuthKit.framework/Versions/A/AuthKit
0x00007fff48b94000 	/System/Library/PrivateFrameworks/Apple80211.framework/Versions/A/Apple80211
0x00007fff4d6dd000 	/System/Library/PrivateFrameworks/CoreUtils.framework/Versions/A/CoreUtils
0x00007fff3a42b000 	/System/Library/Frameworks/CoreWLAN.framework/Versions/A/CoreWLAN
0x00007fff3ae95000 	/System/Library/Frameworks/IOBluetooth.framework/Versions/A/IOBluetooth
0x00007fff5bafe000 	/System/Library/PrivateFrameworks/ProtocolBuffer.framework/Versions/A/ProtocolBuffer
0x00007fff57d52000 	/System/Library/PrivateFrameworks/MobileKeyBag.framework/Versions/A/MobileKeyBag
0x00007fff4cef5000 	/System/Library/PrivateFrameworks/CorePhoneNumbers.framework/Versions/A/CorePhoneNumbers
0x00007fff48fa9000 	/System/Library/PrivateFrameworks/AppleIDAuthSupport.framework/Versions/A/AppleIDAuthSupport
0x00007fff56c1b000 	/System/Library/PrivateFrameworks/KeychainCircle.framework/Versions/A/KeychainCircle
0x00007fff5bccb000 	/System/Library/PrivateFrameworks/ROCKit.framework/Versions/A/ROCKit
0x00007fff4d8b9000 	/System/Library/PrivateFrameworks/CoreWiFi.framework/Versions/A/CoreWiFi
0x00007fff380cf000 	/System/Library/Frameworks/CoreBluetooth.framework/Versions/A/CoreBluetooth
0x00007fff4db0d000 	/System/Library/PrivateFrameworks/DebugSymbols.framework/Versions/A/DebugSymbols
0x00007fff4d492000 	/System/Library/PrivateFrameworks/CoreSymbolication.framework/Versions/A/CoreSymbolication
0x00007fff5ffa8000 	/System/Library/PrivateFrameworks/Symbolication.framework/Versions/A/Symbolication
0x00007fff5f13a000 	/System/Library/PrivateFrameworks/SpeechRecognitionCore.framework/Versions/A/SpeechRecognitionCore
0x0000000107423000 	/Library/Java/JavaVirtualMachines/jdk-11.0.1.jdk/Contents/Home/lib/server/libjvm.dylib
0x00000001081a1000 	/Library/Java/JavaVirtualMachines/jdk-11.0.1.jdk/Contents/Home/lib/libverify.dylib
0x00000001081ad000 	/Library/Java/JavaVirtualMachines/jdk-11.0.1.jdk/Contents/Home/lib/libjava.dylib
0x00000001081e5000 	/Library/Java/JavaVirtualMachines/jdk-11.0.1.jdk/Contents/Home/lib/libzip.dylib
0x00000001081ed000 	/Library/Java/JavaVirtualMachines/jdk-11.0.1.jdk/Contents/Home/lib/libjimage.dylib
0x000000010e8aa000 	/Library/Java/JavaVirtualMachines/jdk-11.0.1.jdk/Contents/Home/lib/libnio.dylib
0x0000000127dc0000 	/Library/Java/JavaVirtualMachines/jdk-11.0.1.jdk/Contents/Home/lib/./libnet.dylib
0x0000000127fe7000 	/Users/max/.openjfx/cache/11.0.1/libprism_es2.dylib
0x00007fff4d08c000 	/System/Library/PrivateFrameworks/CoreServicesInternal.framework/Versions/A/CoreServicesInternal
0x00007fff42719000 	/System/Library/Frameworks/OpenGL.framework/Versions/A/Resources/GLEngine.bundle/GLEngine
0x00007fff41ba9000 	/System/Library/Frameworks/OpenGL.framework/Versions/A/Libraries/libGLProgrammability.dylib
0x00007fff2face000 	/System/Library/Extensions/AppleIntelBDWGraphicsGLDriver.bundle/Contents/MacOS/AppleIntelBDWGraphicsGLDriver
0x00007fff540d3000 	/System/Library/PrivateFrameworks/GPUSupport.framework/Versions/A/Libraries/libGPUSupportMercury.dylib
0x00007fff428b0000 	/System/Library/Frameworks/OpenGL.framework/Versions/A/Resources/GLRendererFloat.bundle/GLRendererFloat
0x00007fff4115d000 	/System/Library/Frameworks/OpenCL.framework/Versions/A/Libraries/libcldcpuengine.dylib
0x00007fff633cc000 	/usr/lib/libcrypto.35.dylib
0x00007fff6093f000 	/System/Library/PrivateFrameworks/TrustEvaluationAgent.framework/Versions/A/TrustEvaluationAgent
0x0000000128016000 	/Users/max/.openjfx/cache/11.0.1/libglass.dylib
0x00007fff2e41e000 	/System/Library/CoreServices/RawCamera.bundle/Contents/MacOS/RawCamera
0x00007fff57bbc000 	/System/Library/PrivateFrameworks/MobileAsset.framework/Versions/A/MobileAsset
0x00007fff5f82c000 	/System/Library/PrivateFrameworks/StreamingZip.framework/Versions/A/StreamingZip
0x00007fff3cb35000 	/System/Library/Frameworks/MediaToolbox.framework/Versions/A/MediaToolbox
0x00007fff4c156000 	/System/Library/PrivateFrameworks/CoreAVCHD.framework/Versions/A/CoreAVCHD
0x00007fff3ca71000 	/System/Library/Frameworks/MediaAccessibility.framework/Versions/A/MediaAccessibility
0x00007fff575ee000 	/System/Library/PrivateFrameworks/Mangrove.framework/Versions/A/Mangrove
0x00007fff396df000 	/System/Library/Frameworks/CoreMedia.framework/Versions/A/CoreMedia
0x00007fff44a9d000 	/System/Library/Frameworks/VideoToolbox.framework/Versions/A/VideoToolbox
0x00007fff4bd7e000 	/System/Library/PrivateFrameworks/CoreAUC.framework/Versions/A/CoreAUC
0x00007fff65079000 	/usr/lib/libspindump.dylib
0x00007fff49384000 	/System/Library/PrivateFrameworks/AppleVA.framework/Versions/A/AppleVA
0x00007fff348b4000 	/System/Library/Frameworks/Accelerate.framework/Versions/A/Frameworks/vImage.framework/Versions/A/Libraries/libCGInterfaces.dylib
0x00007fff617ef000 	/System/Library/PrivateFrameworks/ViewBridge.framework/Versions/A/ViewBridge
0x0000000128251000 	/Library/Java/JavaVirtualMachines/jdk-11.0.1.jdk/Contents/Home/lib/libprefs.dylib
0x000000012857e000 	/private/var/folders/hr/hccf72zd4pl25jt6n7hm57k00000gn/T/libJNativeHook-2.1.20180806.x86_64.dylib
0x00007fff37849000 	/System/Library/Frameworks/Carbon.framework/Versions/A/Carbon
0x00007fff3784a000 	/System/Library/Frameworks/Carbon.framework/Versions/A/Frameworks/CommonPanels.framework/Versions/A/CommonPanels
0x00007fff37b56000 	/System/Library/Frameworks/Carbon.framework/Versions/A/Frameworks/Help.framework/Versions/A/Help
0x00007fff37b5a000 	/System/Library/Frameworks/Carbon.framework/Versions/A/Frameworks/ImageCapture.framework/Versions/A/ImageCapture
0x00007fff37bf5000 	/System/Library/Frameworks/Carbon.framework/Versions/A/Frameworks/OpenScripting.framework/Versions/A/OpenScripting
0x00007fff37c30000 	/System/Library/Frameworks/Carbon.framework/Versions/A/Frameworks/Print.framework/Versions/A/Print
0x00007fff37c32000 	/System/Library/Frameworks/Carbon.framework/Versions/A/Frameworks/SecurityHI.framework/Versions/A/SecurityHI


VM Arguments:
jvm_args: --add-modules=javafx.base,javafx.controls,javafx.fxml,javafx.graphics,javafx.swing,javafx.web --module-path=/Users/max/Apps/CopySave/build/classes/java/main:/Users/max/Apps/CopySave/build/resources/main:/Users/max/Apps/CopySave/libs/jnativehook.jar:/Users/max/.gradle/caches/modules-2/files-2.1/org.json/json/20180813/8566b2b0391d9d4479ea225645c6ed47ef17fe41/json-20180813.jar:/Users/max/.gradle/caches/modules-2/files-2.1/org.openjfx/javafx-web/11.0.1/467ccc809a90d3a4f838fd7acd375a45793d617d/javafx-web-11.0.1-mac.jar:/Users/max/.gradle/caches/modules-2/files-2.1/org.openjfx/javafx-fxml/11.0.1/352a51a0f0cb13cf83a081b5dd5526acd4fbab30/javafx-fxml-11.0.1-mac.jar:/Users/max/.gradle/caches/modules-2/files-2.1/org.openjfx/javafx-controls/11.0.1/538fd08a4ecd76788766a69c19e90b4cc0179f8/javafx-controls-11.0.1-mac.jar:/Users/max/.gradle/caches/modules-2/files-2.1/org.openjfx/javafx-controls/11.0.1/61cf91bf3494d0616216f49c9e1d183d170adf0a/javafx-controls-11.0.1.jar:/Users/max/.gradle/caches/modules-2/files-2.1/org.openjfx/javafx-swing/11.0.1/42343072404028a9caf8dbc9a14df82138cd9aea/javafx-swing-11.0.1-mac.jar:/Users/max/.gradle/caches/modules-2/files-2.1/org.openjfx/javafx-media/11.0.1/bc699ffbb3f3b7862ad4399e8696809eda796d60/javafx-media-11.0.1-mac.jar:/Users/max/.gradle/caches/modules-2/files-2.1/org.openjfx/javafx-media/11.0.1/fd095047b7d06f6c7b16afe8cf9dffccab5d4494/javafx-media-11.0.1.jar:/Users/max/.gradle/caches/modules-2/files-2.1/org.openjfx/javafx-graphics/11.0.1/3c5014c500e6d308eca4ac9f952d4f7e7e8dfc7e/javafx-graphics-11.0.1-mac.jar:/Users/max/.gradle/caches/modules-2/files-2.1/org.openjfx/javafx-graphics/11.0.1/e062cb01783effc6413abbd94d1838f6b0add209/javafx-graphics-11.0.1.jar:/Users/max/.gradle/caches/modules-2/files-2.1/org.openjfx/javafx-base/11.0.1/2b9ca67aea06b0ea7aa0e740498fc97c822b307e/javafx-base-11.0.1-mac.jar:/Users/max/.gradle/caches/modules-2/files-2.1/org.openjfx/javafx-base/11.0.1/f1354a284f4151d20358e776f6ff68ee35bbb96d/javafx-base-11.0.1.jar --patch-module=CopySave=/Users/max/Apps/CopySave/build/resources/main -Djdk.module.main=CopySave 
java_command: CopySave/com.CopySave.MainFx -Dfile.encoding=UTF-8 -Duser.country=NL -Duser.language=en -Duser.variant -cp /Users/max/Apps/CopySave/build/classes/java/main:/Users/max/Apps/CopySave/build/resources/main:/Users/max/Apps/CopySave/libs/jnativehook.jar:/Users/max/.gradle/caches/modules-2/files-2.1/org.json/json/20180813/8566b2b0391d9d4479ea225645c6ed47ef17fe41/json-20180813.jar:/Users/max/.gradle/caches/modules-2/files-2.1/org.openjfx/javafx-web/11.0.1/467ccc809a90d3a4f838fd7acd375a45793d617d/javafx-web-11.0.1-mac.jar:/Users/max/.gradle/caches/modules-2/files-2.1/org.openjfx/javafx-fxml/11.0.1/352a51a0f0cb13cf83a081b5dd5526acd4fbab30/javafx-fxml-11.0.1-mac.jar:/Users/max/.gradle/caches/modules-2/files-2.1/org.openjfx/javafx-controls/11.0.1/538fd08a4ecd76788766a69c19e90b4cc0179f8/javafx-controls-11.0.1-mac.jar:/Users/max/.gradle/caches/modules-2/files-2.1/org.openjfx/javafx-controls/11.0.1/61cf91bf3494d0616216f49c9e1d183d170adf0a/javafx-controls-11.0.1.jar:/Users/max/.gradle/caches/modules-2/files-2.1/org.openjfx/javafx-swing/11.0.1/42343072404028a9caf8dbc9a14df82138cd9aea/javafx-swing-11.0.1-mac.jar:/Users/max/.gradle/caches/modules-2/files-2.1/org.openjfx/javafx-media/11.0.1/bc699ffbb3f3b7862ad4399e8696809eda796d60/javafx-media-11.0.1-mac.jar:/Users/max/.gradle/caches/modules-2/files-2.1/org.openjfx/javafx-media/11.0.1/fd095047b7d06f6c7b16afe8cf9dffccab5d4494/javafx-media-11.0.1.jar:/Users/max/.gradle/caches/modules-2/files-2.1/org.openjfx/javafx-graphics/11.0.1/3c5014c500e6d308eca4ac9f952d4f7e7e8dfc7e/javafx-graphics-11.0.1-mac.jar:/Users/max/.gradle/caches/modules-2/files-2.1/org.openjfx/javafx-graphics/11.0.1/e062cb01783effc6413abbd94d1838f6b0add209/javafx-graphics-11.0.1.jar:/Users/max/.gradle/caches/modules-2/files-2.1/org.openjfx/javafx-base/11.0.1/2b9ca67aea06b0ea7aa0e740498fc97c822b307e/javafx-base-11.0.1-mac.jar:/Users/max/.gradle/caches/modules-2/files-2.1/org.openjfx/javafx-base/11.0.1/f1354a284f4151d20358e776f6ff68ee35bbb96d/javafx-base-11.0.
java_class_path (initial): <not set>
Launcher Type: SUN_STANDARD

[Global flags]
     intx CICompilerCount                          = 3                                         {product} {ergonomic}
     uint ConcGCThreads                            = 1                                         {product} {ergonomic}
     uint G1ConcRefinementThreads                  = 4                                         {product} {ergonomic}
   size_t G1HeapRegionSize                         = 1048576                                   {product} {ergonomic}
    uintx GCDrainStackTargetSize                   = 64                                        {product} {ergonomic}
   size_t InitialHeapSize                          = 134217728                                 {product} {ergonomic}
   size_t MarkStackSize                            = 4194304                                   {product} {ergonomic}
   size_t MaxHeapSize                              = 2147483648                                {product} {ergonomic}
   size_t MaxNewSize                               = 1287651328                                {product} {ergonomic}
   size_t MinHeapDeltaBytes                        = 1048576                                   {product} {ergonomic}
    uintx NonNMethodCodeHeapSize                   = 5830092                                {pd product} {ergonomic}
    uintx NonProfiledCodeHeapSize                  = 122914074                              {pd product} {ergonomic}
    uintx ProfiledCodeHeapSize                     = 122914074                              {pd product} {ergonomic}
    uintx ReservedCodeCacheSize                    = 251658240                              {pd product} {ergonomic}
     bool SegmentedCodeCache                       = true                                      {product} {ergonomic}
     bool UseCompressedClassPointers               = true                                 {lp64_product} {ergonomic}
     bool UseCompressedOops                        = true                                 {lp64_product} {ergonomic}
     bool UseG1GC                                  = true                                      {product} {ergonomic}

Logging:
Log output configuration:
 #0: stdout all=warning uptime,level,tags
 #1: stderr all=off uptime,level,tags

Environment Variables:
JAVA_HOME=/Library/Java/JavaVirtualMachines/jdk-11.0.1.jdk/Contents/Home
PATH=/usr/local/sbin:/usr/local/bin:/usr/bin:/bin:/usr/sbin:/sbin:~/.composer/vendor/bin:/usr/local/bin/composer:/Users/max/.composer/vendor/bin:/usr/local/go/bin:/Applications/Wireshark.app/Contents/MacOS:/Users/max/go/bin:/Library/Java/JavaVirtualMachines/jdk-11.0.1.jdk/Contents/Home:/Library/Java/javafx-sdk-11.0.1/jmods
SHELL=/bin/zsh

Signal Handlers:
SIGSEGV: [libjvm.dylib+0x7525b4], sa_mask[0]=11111111011111110111111111111111, sa_flags=SA_ONSTACK|SA_RESTART|SA_SIGINFO
SIGBUS: [libjvm.dylib+0x7525b4], sa_mask[0]=11111111011111110111111111111111, sa_flags=SA_RESTART|SA_SIGINFO
SIGFPE: [libjvm.dylib+0x7525b4], sa_mask[0]=11111111011111110111111111111111, sa_flags=SA_RESTART|SA_SIGINFO
SIGPIPE: [libjvm.dylib+0x602b72], sa_mask[0]=11111111011111110111111111111111, sa_flags=SA_RESTART|SA_SIGINFO
SIGXFSZ: [libjvm.dylib+0x602b72], sa_mask[0]=11111111011111110111111111111111, sa_flags=SA_RESTART|SA_SIGINFO
SIGILL: [libjvm.dylib+0x7525b4], sa_mask[0]=11111111011111110111111111111111, sa_flags=SA_RESTART|SA_SIGINFO
SIGUSR2: [libjvm.dylib+0x603157], sa_mask[0]=00100000000000000000000000000000, sa_flags=SA_RESTART|SA_SIGINFO
SIGHUP: [libjvm.dylib+0x601bb3], sa_mask[0]=11111111011111110111111111111111, sa_flags=SA_RESTART|SA_SIGINFO
SIGINT: [libjvm.dylib+0x601bb3], sa_mask[0]=11111111011111110111111111111111, sa_flags=SA_RESTART|SA_SIGINFO
SIGTERM: [libjvm.dylib+0x601bb3], sa_mask[0]=11111111011111110111111111111111, sa_flags=SA_RESTART|SA_SIGINFO
SIGQUIT: [libjvm.dylib+0x601bb3], sa_mask[0]=11111111011111110111111111111111, sa_flags=SA_RESTART|SA_SIGINFO


---------------  S Y S T E M  ---------------

OS:uname:Darwin 18.2.0 Darwin Kernel Version 18.2.0: Mon Nov 12 20:24:46 PST 2018; root:xnu-4903.231.4~2/RELEASE_X86_64 x86_64
rlimit: STACK 8192k, CORE 0k, NPROC 709, NOFILE 10240, AS infinity, DATA infinity, FSIZE infinity
load average:2.84 2.77 2.88

CPU:total 4 (initial active 4) (2 cores per cpu, 2 threads per core) family 6 model 61 stepping 4, cmov, cx8, fxsr, mmx, sse, sse2, sse3, ssse3, sse4.1, sse4.2, popcnt, avx, avx2, aes, clmul, erms, 3dnowpref, lzcnt, ht, tsc, tscinvbit, bmi1, bmi2, adx, fma

Memory: 4k page, physical 8388608k(340176k free)

vm_info: Java HotSpot(TM) 64-Bit Server VM (11.0.1+13-LTS) for bsd-amd64 JRE (11.0.1+13-LTS), built on Oct  6 2018 12:16:08 by "mach5one" with gcc 4.2.1 Compatible Apple LLVM 9.1.0 (clang-902.0.39.2)

END.
